<?xml version="1.0" encoding="UTF-8"?>
<testsuite xmlns:xsi="http://www.w3.org/2001/XMLSchema-instance" xsi:noNamespaceSchemaLocation="https://maven.apache.org/surefire/maven-surefire-plugin/xsd/surefire-test-report-3.0.xsd" version="3.0" name="com.ifooty.IFootyApplicationTests" time="3.57" tests="1" errors="0" skipped="0" failures="0">
  <properties>
    <property name="java.specification.version" value="22"/>
    <property name="sun.jnu.encoding" value="UTF-8"/>
    <property name="java.class.path" value="/Users/muhammadhuzaifah/Documents/iFooty/Backend/target/test-classes:/Users/muhammadhuzaifah/Documents/iFooty/Backend/target/classes:/Users/muhammadhuzaifah/.m2/repository/org/springframework/boot/spring-boot-starter/3.3.3/spring-boot-starter-3.3.3.jar:/Users/muhammadhuzaifah/.m2/repository/org/springframework/boot/spring-boot/3.3.3/spring-boot-3.3.3.jar:/Users/muhammadhuzaifah/.m2/repository/org/springframework/spring-context/6.1.12/spring-context-6.1.12.jar:/Users/muhammadhuzaifah/.m2/repository/org/springframework/boot/spring-boot-autoconfigure/3.3.3/spring-boot-autoconfigure-3.3.3.jar:/Users/muhammadhuzaifah/.m2/repository/org/springframework/boot/spring-boot-starter-logging/3.3.3/spring-boot-starter-logging-3.3.3.jar:/Users/muhammadhuzaifah/.m2/repository/ch/qos/logback/logback-classic/1.5.7/logback-classic-1.5.7.jar:/Users/muhammadhuzaifah/.m2/repository/ch/qos/logback/logback-core/1.5.7/logback-core-1.5.7.jar:/Users/muhammadhuzaifah/.m2/repository/org/apache/logging/log4j/log4j-to-slf4j/2.23.1/log4j-to-slf4j-2.23.1.jar:/Users/muhammadhuzaifah/.m2/repository/org/apache/logging/log4j/log4j-api/2.23.1/log4j-api-2.23.1.jar:/Users/muhammadhuzaifah/.m2/repository/org/slf4j/jul-to-slf4j/2.0.16/jul-to-slf4j-2.0.16.jar:/Users/muhammadhuzaifah/.m2/repository/jakarta/annotation/jakarta.annotation-api/2.1.1/jakarta.annotation-api-2.1.1.jar:/Users/muhammadhuzaifah/.m2/repository/org/springframework/spring-core/6.1.12/spring-core-6.1.12.jar:/Users/muhammadhuzaifah/.m2/repository/org/springframework/spring-jcl/6.1.12/spring-jcl-6.1.12.jar:/Users/muhammadhuzaifah/.m2/repository/org/yaml/snakeyaml/2.2/snakeyaml-2.2.jar:/Users/muhammadhuzaifah/.m2/repository/org/springframework/boot/spring-boot-starter-data-jpa/3.3.3/spring-boot-starter-data-jpa-3.3.3.jar:/Users/muhammadhuzaifah/.m2/repository/org/springframework/boot/spring-boot-starter-aop/3.3.3/spring-boot-starter-aop-3.3.3.jar:/Users/muhammadhuzaifah/.m2/repository/org/springframework/spring-aop/6.1.12/spring-aop-6.1.12.jar:/Users/muhammadhuzaifah/.m2/repository/org/aspectj/aspectjweaver/1.9.22.1/aspectjweaver-1.9.22.1.jar:/Users/muhammadhuzaifah/.m2/repository/org/springframework/boot/spring-boot-starter-jdbc/3.3.3/spring-boot-starter-jdbc-3.3.3.jar:/Users/muhammadhuzaifah/.m2/repository/com/zaxxer/HikariCP/5.1.0/HikariCP-5.1.0.jar:/Users/muhammadhuzaifah/.m2/repository/org/springframework/spring-jdbc/6.1.12/spring-jdbc-6.1.12.jar:/Users/muhammadhuzaifah/.m2/repository/org/hibernate/orm/hibernate-core/6.5.2.Final/hibernate-core-6.5.2.Final.jar:/Users/muhammadhuzaifah/.m2/repository/jakarta/persistence/jakarta.persistence-api/3.1.0/jakarta.persistence-api-3.1.0.jar:/Users/muhammadhuzaifah/.m2/repository/jakarta/transaction/jakarta.transaction-api/2.0.1/jakarta.transaction-api-2.0.1.jar:/Users/muhammadhuzaifah/.m2/repository/org/jboss/logging/jboss-logging/3.5.3.Final/jboss-logging-3.5.3.Final.jar:/Users/muhammadhuzaifah/.m2/repository/org/hibernate/common/hibernate-commons-annotations/6.0.6.Final/hibernate-commons-annotations-6.0.6.Final.jar:/Users/muhammadhuzaifah/.m2/repository/io/smallrye/jandex/3.1.2/jandex-3.1.2.jar:/Users/muhammadhuzaifah/.m2/repository/com/fasterxml/classmate/1.7.0/classmate-1.7.0.jar:/Users/muhammadhuzaifah/.m2/repository/net/bytebuddy/byte-buddy/1.14.19/byte-buddy-1.14.19.jar:/Users/muhammadhuzaifah/.m2/repository/org/glassfish/jaxb/jaxb-runtime/4.0.5/jaxb-runtime-4.0.5.jar:/Users/muhammadhuzaifah/.m2/repository/org/glassfish/jaxb/jaxb-core/4.0.5/jaxb-core-4.0.5.jar:/Users/muhammadhuzaifah/.m2/repository/org/eclipse/angus/angus-activation/2.0.2/angus-activation-2.0.2.jar:/Users/muhammadhuzaifah/.m2/repository/org/glassfish/jaxb/txw2/4.0.5/txw2-4.0.5.jar:/Users/muhammadhuzaifah/.m2/repository/com/sun/istack/istack-commons-runtime/4.1.2/istack-commons-runtime-4.1.2.jar:/Users/muhammadhuzaifah/.m2/repository/jakarta/inject/jakarta.inject-api/2.0.1/jakarta.inject-api-2.0.1.jar:/Users/muhammadhuzaifah/.m2/repository/org/antlr/antlr4-runtime/4.13.0/antlr4-runtime-4.13.0.jar:/Users/muhammadhuzaifah/.m2/repository/org/springframework/data/spring-data-jpa/3.3.3/spring-data-jpa-3.3.3.jar:/Users/muhammadhuzaifah/.m2/repository/org/springframework/data/spring-data-commons/3.3.3/spring-data-commons-3.3.3.jar:/Users/muhammadhuzaifah/.m2/repository/org/springframework/spring-orm/6.1.12/spring-orm-6.1.12.jar:/Users/muhammadhuzaifah/.m2/repository/org/springframework/spring-tx/6.1.12/spring-tx-6.1.12.jar:/Users/muhammadhuzaifah/.m2/repository/org/springframework/spring-beans/6.1.12/spring-beans-6.1.12.jar:/Users/muhammadhuzaifah/.m2/repository/org/slf4j/slf4j-api/2.0.16/slf4j-api-2.0.16.jar:/Users/muhammadhuzaifah/.m2/repository/org/springframework/spring-aspects/6.1.12/spring-aspects-6.1.12.jar:/Users/muhammadhuzaifah/.m2/repository/org/springframework/boot/spring-boot-starter-web/3.3.3/spring-boot-starter-web-3.3.3.jar:/Users/muhammadhuzaifah/.m2/repository/org/springframework/boot/spring-boot-starter-json/3.3.3/spring-boot-starter-json-3.3.3.jar:/Users/muhammadhuzaifah/.m2/repository/com/fasterxml/jackson/core/jackson-databind/2.17.2/jackson-databind-2.17.2.jar:/Users/muhammadhuzaifah/.m2/repository/com/fasterxml/jackson/core/jackson-annotations/2.17.2/jackson-annotations-2.17.2.jar:/Users/muhammadhuzaifah/.m2/repository/com/fasterxml/jackson/core/jackson-core/2.17.2/jackson-core-2.17.2.jar:/Users/muhammadhuzaifah/.m2/repository/com/fasterxml/jackson/datatype/jackson-datatype-jdk8/2.17.2/jackson-datatype-jdk8-2.17.2.jar:/Users/muhammadhuzaifah/.m2/repository/com/fasterxml/jackson/datatype/jackson-datatype-jsr310/2.17.2/jackson-datatype-jsr310-2.17.2.jar:/Users/muhammadhuzaifah/.m2/repository/com/fasterxml/jackson/module/jackson-module-parameter-names/2.17.2/jackson-module-parameter-names-2.17.2.jar:/Users/muhammadhuzaifah/.m2/repository/org/springframework/boot/spring-boot-starter-tomcat/3.3.3/spring-boot-starter-tomcat-3.3.3.jar:/Users/muhammadhuzaifah/.m2/repository/org/apache/tomcat/embed/tomcat-embed-core/10.1.28/tomcat-embed-core-10.1.28.jar:/Users/muhammadhuzaifah/.m2/repository/org/apache/tomcat/embed/tomcat-embed-el/10.1.28/tomcat-embed-el-10.1.28.jar:/Users/muhammadhuzaifah/.m2/repository/org/apache/tomcat/embed/tomcat-embed-websocket/10.1.28/tomcat-embed-websocket-10.1.28.jar:/Users/muhammadhuzaifah/.m2/repository/org/springframework/spring-web/6.1.12/spring-web-6.1.12.jar:/Users/muhammadhuzaifah/.m2/repository/io/micrometer/micrometer-observation/1.13.3/micrometer-observation-1.13.3.jar:/Users/muhammadhuzaifah/.m2/repository/io/micrometer/micrometer-commons/1.13.3/micrometer-commons-1.13.3.jar:/Users/muhammadhuzaifah/.m2/repository/org/springframework/spring-webmvc/6.1.12/spring-webmvc-6.1.12.jar:/Users/muhammadhuzaifah/.m2/repository/org/springframework/spring-expression/6.1.12/spring-expression-6.1.12.jar:/Users/muhammadhuzaifah/.m2/repository/org/postgresql/postgresql/42.7.3/postgresql-42.7.3.jar:/Users/muhammadhuzaifah/.m2/repository/org/checkerframework/checker-qual/3.42.0/checker-qual-3.42.0.jar:/Users/muhammadhuzaifah/.m2/repository/org/springframework/boot/spring-boot-starter-test/3.3.3/spring-boot-starter-test-3.3.3.jar:/Users/muhammadhuzaifah/.m2/repository/org/springframework/boot/spring-boot-test/3.3.3/spring-boot-test-3.3.3.jar:/Users/muhammadhuzaifah/.m2/repository/org/springframework/boot/spring-boot-test-autoconfigure/3.3.3/spring-boot-test-autoconfigure-3.3.3.jar:/Users/muhammadhuzaifah/.m2/repository/com/jayway/jsonpath/json-path/2.9.0/json-path-2.9.0.jar:/Users/muhammadhuzaifah/.m2/repository/jakarta/xml/bind/jakarta.xml.bind-api/4.0.2/jakarta.xml.bind-api-4.0.2.jar:/Users/muhammadhuzaifah/.m2/repository/jakarta/activation/jakarta.activation-api/2.1.3/jakarta.activation-api-2.1.3.jar:/Users/muhammadhuzaifah/.m2/repository/net/minidev/json-smart/2.5.1/json-smart-2.5.1.jar:/Users/muhammadhuzaifah/.m2/repository/net/minidev/accessors-smart/2.5.1/accessors-smart-2.5.1.jar:/Users/muhammadhuzaifah/.m2/repository/org/ow2/asm/asm/9.6/asm-9.6.jar:/Users/muhammadhuzaifah/.m2/repository/org/assertj/assertj-core/3.25.3/assertj-core-3.25.3.jar:/Users/muhammadhuzaifah/.m2/repository/org/awaitility/awaitility/4.2.2/awaitility-4.2.2.jar:/Users/muhammadhuzaifah/.m2/repository/org/hamcrest/hamcrest/2.2/hamcrest-2.2.jar:/Users/muhammadhuzaifah/.m2/repository/org/junit/jupiter/junit-jupiter/5.10.3/junit-jupiter-5.10.3.jar:/Users/muhammadhuzaifah/.m2/repository/org/junit/jupiter/junit-jupiter-api/5.10.3/junit-jupiter-api-5.10.3.jar:/Users/muhammadhuzaifah/.m2/repository/org/opentest4j/opentest4j/1.3.0/opentest4j-1.3.0.jar:/Users/muhammadhuzaifah/.m2/repository/org/junit/platform/junit-platform-commons/1.10.3/junit-platform-commons-1.10.3.jar:/Users/muhammadhuzaifah/.m2/repository/org/apiguardian/apiguardian-api/1.1.2/apiguardian-api-1.1.2.jar:/Users/muhammadhuzaifah/.m2/repository/org/junit/jupiter/junit-jupiter-params/5.10.3/junit-jupiter-params-5.10.3.jar:/Users/muhammadhuzaifah/.m2/repository/org/junit/jupiter/junit-jupiter-engine/5.10.3/junit-jupiter-engine-5.10.3.jar:/Users/muhammadhuzaifah/.m2/repository/org/junit/platform/junit-platform-engine/1.10.3/junit-platform-engine-1.10.3.jar:/Users/muhammadhuzaifah/.m2/repository/org/mockito/mockito-core/5.11.0/mockito-core-5.11.0.jar:/Users/muhammadhuzaifah/.m2/repository/net/bytebuddy/byte-buddy-agent/1.14.19/byte-buddy-agent-1.14.19.jar:/Users/muhammadhuzaifah/.m2/repository/org/objenesis/objenesis/3.3/objenesis-3.3.jar:/Users/muhammadhuzaifah/.m2/repository/org/mockito/mockito-junit-jupiter/5.11.0/mockito-junit-jupiter-5.11.0.jar:/Users/muhammadhuzaifah/.m2/repository/org/skyscreamer/jsonassert/1.5.3/jsonassert-1.5.3.jar:/Users/muhammadhuzaifah/.m2/repository/com/vaadin/external/google/android-json/0.0.20131108.vaadin1/android-json-0.0.20131108.vaadin1.jar:/Users/muhammadhuzaifah/.m2/repository/org/springframework/spring-test/6.1.12/spring-test-6.1.12.jar:/Users/muhammadhuzaifah/.m2/repository/org/xmlunit/xmlunit-core/2.9.1/xmlunit-core-2.9.1.jar:"/>
    <property name="java.vm.vendor" value="Homebrew"/>
    <property name="sun.arch.data.model" value="64"/>
    <property name="java.vendor.url" value="https://github.com/Homebrew/homebrew-core/issues"/>
    <property name="user.timezone" value="America/Toronto"/>
    <property name="org.jboss.logging.provider" value="slf4j"/>
    <property name="os.name" value="Mac OS X"/>
    <property name="java.vm.specification.version" value="22"/>
    <property name="sun.java.launcher" value="SUN_STANDARD"/>
    <property name="user.country" value="CA"/>
    <property name="sun.boot.library.path" value="/opt/homebrew/Cellar/openjdk/22.0.2/libexec/openjdk.jdk/Contents/Home/lib"/>
    <property name="sun.java.command" value="/Users/muhammadhuzaifah/Documents/iFooty/Backend/target/surefire/surefirebooter-20240911031813414_3.jar /Users/muhammadhuzaifah/Documents/iFooty/Backend/target/surefire 2024-09-11T03-18-13_364-jvmRun1 surefire-20240911031813414_1tmp surefire_0-20240911031813414_2tmp"/>
    <property name="http.nonProxyHosts" value="local|*.local|169.254/16|*.169.254/16"/>
    <property name="jdk.debug" value="release"/>
    <property name="surefire.test.class.path" value="/Users/muhammadhuzaifah/Documents/iFooty/Backend/target/test-classes:/Users/muhammadhuzaifah/Documents/iFooty/Backend/target/classes:/Users/muhammadhuzaifah/.m2/repository/org/springframework/boot/spring-boot-starter/3.3.3/spring-boot-starter-3.3.3.jar:/Users/muhammadhuzaifah/.m2/repository/org/springframework/boot/spring-boot/3.3.3/spring-boot-3.3.3.jar:/Users/muhammadhuzaifah/.m2/repository/org/springframework/spring-context/6.1.12/spring-context-6.1.12.jar:/Users/muhammadhuzaifah/.m2/repository/org/springframework/boot/spring-boot-autoconfigure/3.3.3/spring-boot-autoconfigure-3.3.3.jar:/Users/muhammadhuzaifah/.m2/repository/org/springframework/boot/spring-boot-starter-logging/3.3.3/spring-boot-starter-logging-3.3.3.jar:/Users/muhammadhuzaifah/.m2/repository/ch/qos/logback/logback-classic/1.5.7/logback-classic-1.5.7.jar:/Users/muhammadhuzaifah/.m2/repository/ch/qos/logback/logback-core/1.5.7/logback-core-1.5.7.jar:/Users/muhammadhuzaifah/.m2/repository/org/apache/logging/log4j/log4j-to-slf4j/2.23.1/log4j-to-slf4j-2.23.1.jar:/Users/muhammadhuzaifah/.m2/repository/org/apache/logging/log4j/log4j-api/2.23.1/log4j-api-2.23.1.jar:/Users/muhammadhuzaifah/.m2/repository/org/slf4j/jul-to-slf4j/2.0.16/jul-to-slf4j-2.0.16.jar:/Users/muhammadhuzaifah/.m2/repository/jakarta/annotation/jakarta.annotation-api/2.1.1/jakarta.annotation-api-2.1.1.jar:/Users/muhammadhuzaifah/.m2/repository/org/springframework/spring-core/6.1.12/spring-core-6.1.12.jar:/Users/muhammadhuzaifah/.m2/repository/org/springframework/spring-jcl/6.1.12/spring-jcl-6.1.12.jar:/Users/muhammadhuzaifah/.m2/repository/org/yaml/snakeyaml/2.2/snakeyaml-2.2.jar:/Users/muhammadhuzaifah/.m2/repository/org/springframework/boot/spring-boot-starter-data-jpa/3.3.3/spring-boot-starter-data-jpa-3.3.3.jar:/Users/muhammadhuzaifah/.m2/repository/org/springframework/boot/spring-boot-starter-aop/3.3.3/spring-boot-starter-aop-3.3.3.jar:/Users/muhammadhuzaifah/.m2/repository/org/springframework/spring-aop/6.1.12/spring-aop-6.1.12.jar:/Users/muhammadhuzaifah/.m2/repository/org/aspectj/aspectjweaver/1.9.22.1/aspectjweaver-1.9.22.1.jar:/Users/muhammadhuzaifah/.m2/repository/org/springframework/boot/spring-boot-starter-jdbc/3.3.3/spring-boot-starter-jdbc-3.3.3.jar:/Users/muhammadhuzaifah/.m2/repository/com/zaxxer/HikariCP/5.1.0/HikariCP-5.1.0.jar:/Users/muhammadhuzaifah/.m2/repository/org/springframework/spring-jdbc/6.1.12/spring-jdbc-6.1.12.jar:/Users/muhammadhuzaifah/.m2/repository/org/hibernate/orm/hibernate-core/6.5.2.Final/hibernate-core-6.5.2.Final.jar:/Users/muhammadhuzaifah/.m2/repository/jakarta/persistence/jakarta.persistence-api/3.1.0/jakarta.persistence-api-3.1.0.jar:/Users/muhammadhuzaifah/.m2/repository/jakarta/transaction/jakarta.transaction-api/2.0.1/jakarta.transaction-api-2.0.1.jar:/Users/muhammadhuzaifah/.m2/repository/org/jboss/logging/jboss-logging/3.5.3.Final/jboss-logging-3.5.3.Final.jar:/Users/muhammadhuzaifah/.m2/repository/org/hibernate/common/hibernate-commons-annotations/6.0.6.Final/hibernate-commons-annotations-6.0.6.Final.jar:/Users/muhammadhuzaifah/.m2/repository/io/smallrye/jandex/3.1.2/jandex-3.1.2.jar:/Users/muhammadhuzaifah/.m2/repository/com/fasterxml/classmate/1.7.0/classmate-1.7.0.jar:/Users/muhammadhuzaifah/.m2/repository/net/bytebuddy/byte-buddy/1.14.19/byte-buddy-1.14.19.jar:/Users/muhammadhuzaifah/.m2/repository/org/glassfish/jaxb/jaxb-runtime/4.0.5/jaxb-runtime-4.0.5.jar:/Users/muhammadhuzaifah/.m2/repository/org/glassfish/jaxb/jaxb-core/4.0.5/jaxb-core-4.0.5.jar:/Users/muhammadhuzaifah/.m2/repository/org/eclipse/angus/angus-activation/2.0.2/angus-activation-2.0.2.jar:/Users/muhammadhuzaifah/.m2/repository/org/glassfish/jaxb/txw2/4.0.5/txw2-4.0.5.jar:/Users/muhammadhuzaifah/.m2/repository/com/sun/istack/istack-commons-runtime/4.1.2/istack-commons-runtime-4.1.2.jar:/Users/muhammadhuzaifah/.m2/repository/jakarta/inject/jakarta.inject-api/2.0.1/jakarta.inject-api-2.0.1.jar:/Users/muhammadhuzaifah/.m2/repository/org/antlr/antlr4-runtime/4.13.0/antlr4-runtime-4.13.0.jar:/Users/muhammadhuzaifah/.m2/repository/org/springframework/data/spring-data-jpa/3.3.3/spring-data-jpa-3.3.3.jar:/Users/muhammadhuzaifah/.m2/repository/org/springframework/data/spring-data-commons/3.3.3/spring-data-commons-3.3.3.jar:/Users/muhammadhuzaifah/.m2/repository/org/springframework/spring-orm/6.1.12/spring-orm-6.1.12.jar:/Users/muhammadhuzaifah/.m2/repository/org/springframework/spring-tx/6.1.12/spring-tx-6.1.12.jar:/Users/muhammadhuzaifah/.m2/repository/org/springframework/spring-beans/6.1.12/spring-beans-6.1.12.jar:/Users/muhammadhuzaifah/.m2/repository/org/slf4j/slf4j-api/2.0.16/slf4j-api-2.0.16.jar:/Users/muhammadhuzaifah/.m2/repository/org/springframework/spring-aspects/6.1.12/spring-aspects-6.1.12.jar:/Users/muhammadhuzaifah/.m2/repository/org/springframework/boot/spring-boot-starter-web/3.3.3/spring-boot-starter-web-3.3.3.jar:/Users/muhammadhuzaifah/.m2/repository/org/springframework/boot/spring-boot-starter-json/3.3.3/spring-boot-starter-json-3.3.3.jar:/Users/muhammadhuzaifah/.m2/repository/com/fasterxml/jackson/core/jackson-databind/2.17.2/jackson-databind-2.17.2.jar:/Users/muhammadhuzaifah/.m2/repository/com/fasterxml/jackson/core/jackson-annotations/2.17.2/jackson-annotations-2.17.2.jar:/Users/muhammadhuzaifah/.m2/repository/com/fasterxml/jackson/core/jackson-core/2.17.2/jackson-core-2.17.2.jar:/Users/muhammadhuzaifah/.m2/repository/com/fasterxml/jackson/datatype/jackson-datatype-jdk8/2.17.2/jackson-datatype-jdk8-2.17.2.jar:/Users/muhammadhuzaifah/.m2/repository/com/fasterxml/jackson/datatype/jackson-datatype-jsr310/2.17.2/jackson-datatype-jsr310-2.17.2.jar:/Users/muhammadhuzaifah/.m2/repository/com/fasterxml/jackson/module/jackson-module-parameter-names/2.17.2/jackson-module-parameter-names-2.17.2.jar:/Users/muhammadhuzaifah/.m2/repository/org/springframework/boot/spring-boot-starter-tomcat/3.3.3/spring-boot-starter-tomcat-3.3.3.jar:/Users/muhammadhuzaifah/.m2/repository/org/apache/tomcat/embed/tomcat-embed-core/10.1.28/tomcat-embed-core-10.1.28.jar:/Users/muhammadhuzaifah/.m2/repository/org/apache/tomcat/embed/tomcat-embed-el/10.1.28/tomcat-embed-el-10.1.28.jar:/Users/muhammadhuzaifah/.m2/repository/org/apache/tomcat/embed/tomcat-embed-websocket/10.1.28/tomcat-embed-websocket-10.1.28.jar:/Users/muhammadhuzaifah/.m2/repository/org/springframework/spring-web/6.1.12/spring-web-6.1.12.jar:/Users/muhammadhuzaifah/.m2/repository/io/micrometer/micrometer-observation/1.13.3/micrometer-observation-1.13.3.jar:/Users/muhammadhuzaifah/.m2/repository/io/micrometer/micrometer-commons/1.13.3/micrometer-commons-1.13.3.jar:/Users/muhammadhuzaifah/.m2/repository/org/springframework/spring-webmvc/6.1.12/spring-webmvc-6.1.12.jar:/Users/muhammadhuzaifah/.m2/repository/org/springframework/spring-expression/6.1.12/spring-expression-6.1.12.jar:/Users/muhammadhuzaifah/.m2/repository/org/postgresql/postgresql/42.7.3/postgresql-42.7.3.jar:/Users/muhammadhuzaifah/.m2/repository/org/checkerframework/checker-qual/3.42.0/checker-qual-3.42.0.jar:/Users/muhammadhuzaifah/.m2/repository/org/springframework/boot/spring-boot-starter-test/3.3.3/spring-boot-starter-test-3.3.3.jar:/Users/muhammadhuzaifah/.m2/repository/org/springframework/boot/spring-boot-test/3.3.3/spring-boot-test-3.3.3.jar:/Users/muhammadhuzaifah/.m2/repository/org/springframework/boot/spring-boot-test-autoconfigure/3.3.3/spring-boot-test-autoconfigure-3.3.3.jar:/Users/muhammadhuzaifah/.m2/repository/com/jayway/jsonpath/json-path/2.9.0/json-path-2.9.0.jar:/Users/muhammadhuzaifah/.m2/repository/jakarta/xml/bind/jakarta.xml.bind-api/4.0.2/jakarta.xml.bind-api-4.0.2.jar:/Users/muhammadhuzaifah/.m2/repository/jakarta/activation/jakarta.activation-api/2.1.3/jakarta.activation-api-2.1.3.jar:/Users/muhammadhuzaifah/.m2/repository/net/minidev/json-smart/2.5.1/json-smart-2.5.1.jar:/Users/muhammadhuzaifah/.m2/repository/net/minidev/accessors-smart/2.5.1/accessors-smart-2.5.1.jar:/Users/muhammadhuzaifah/.m2/repository/org/ow2/asm/asm/9.6/asm-9.6.jar:/Users/muhammadhuzaifah/.m2/repository/org/assertj/assertj-core/3.25.3/assertj-core-3.25.3.jar:/Users/muhammadhuzaifah/.m2/repository/org/awaitility/awaitility/4.2.2/awaitility-4.2.2.jar:/Users/muhammadhuzaifah/.m2/repository/org/hamcrest/hamcrest/2.2/hamcrest-2.2.jar:/Users/muhammadhuzaifah/.m2/repository/org/junit/jupiter/junit-jupiter/5.10.3/junit-jupiter-5.10.3.jar:/Users/muhammadhuzaifah/.m2/repository/org/junit/jupiter/junit-jupiter-api/5.10.3/junit-jupiter-api-5.10.3.jar:/Users/muhammadhuzaifah/.m2/repository/org/opentest4j/opentest4j/1.3.0/opentest4j-1.3.0.jar:/Users/muhammadhuzaifah/.m2/repository/org/junit/platform/junit-platform-commons/1.10.3/junit-platform-commons-1.10.3.jar:/Users/muhammadhuzaifah/.m2/repository/org/apiguardian/apiguardian-api/1.1.2/apiguardian-api-1.1.2.jar:/Users/muhammadhuzaifah/.m2/repository/org/junit/jupiter/junit-jupiter-params/5.10.3/junit-jupiter-params-5.10.3.jar:/Users/muhammadhuzaifah/.m2/repository/org/junit/jupiter/junit-jupiter-engine/5.10.3/junit-jupiter-engine-5.10.3.jar:/Users/muhammadhuzaifah/.m2/repository/org/junit/platform/junit-platform-engine/1.10.3/junit-platform-engine-1.10.3.jar:/Users/muhammadhuzaifah/.m2/repository/org/mockito/mockito-core/5.11.0/mockito-core-5.11.0.jar:/Users/muhammadhuzaifah/.m2/repository/net/bytebuddy/byte-buddy-agent/1.14.19/byte-buddy-agent-1.14.19.jar:/Users/muhammadhuzaifah/.m2/repository/org/objenesis/objenesis/3.3/objenesis-3.3.jar:/Users/muhammadhuzaifah/.m2/repository/org/mockito/mockito-junit-jupiter/5.11.0/mockito-junit-jupiter-5.11.0.jar:/Users/muhammadhuzaifah/.m2/repository/org/skyscreamer/jsonassert/1.5.3/jsonassert-1.5.3.jar:/Users/muhammadhuzaifah/.m2/repository/com/vaadin/external/google/android-json/0.0.20131108.vaadin1/android-json-0.0.20131108.vaadin1.jar:/Users/muhammadhuzaifah/.m2/repository/org/springframework/spring-test/6.1.12/spring-test-6.1.12.jar:/Users/muhammadhuzaifah/.m2/repository/org/xmlunit/xmlunit-core/2.9.1/xmlunit-core-2.9.1.jar:"/>
    <property name="sun.cpu.endian" value="little"/>
    <property name="user.home" value="/Users/muhammadhuzaifah"/>
    <property name="user.language" value="en"/>
    <property name="java.specification.vendor" value="Oracle Corporation"/>
    <property name="java.version.date" value="2024-07-16"/>
    <property name="java.home" value="/opt/homebrew/Cellar/openjdk/22.0.2/libexec/openjdk.jdk/Contents/Home"/>
    <property name="file.separator" value="/"/>
    <property name="basedir" value="/Users/muhammadhuzaifah/Documents/iFooty/Backend"/>
    <property name="java.vm.compressedOopsMode" value="Zero based"/>
    <property name="line.separator" value="&#10;"/>
    <property name="java.vm.specification.vendor" value="Oracle Corporation"/>
    <property name="java.specification.name" value="Java Platform API Specification"/>
    <property name="FILE_LOG_CHARSET" value="UTF-8"/>
    <property name="java.awt.headless" value="true"/>
    <property name="apple.awt.application.name" value="ForkedBooter"/>
    <property name="surefire.real.class.path" value="/Users/muhammadhuzaifah/Documents/iFooty/Backend/target/surefire/surefirebooter-20240911031813414_3.jar"/>
    <property name="sun.management.compiler" value="HotSpot 64-Bit Tiered Compilers"/>
    <property name="ftp.nonProxyHosts" value="local|*.local|169.254/16|*.169.254/16"/>
    <property name="java.runtime.version" value="22.0.2"/>
    <property name="user.name" value="muhammadhuzaifah"/>
    <property name="stdout.encoding" value="UTF-8"/>
    <property name="path.separator" value=":"/>
    <property name="os.version" value="14.5"/>
    <property name="java.runtime.name" value="OpenJDK Runtime Environment"/>
    <property name="file.encoding" value="UTF-8"/>
    <property name="java.vm.name" value="OpenJDK 64-Bit Server VM"/>
    <property name="java.vendor.version" value="Homebrew"/>
    <property name="localRepository" value="/Users/muhammadhuzaifah/.m2/repository"/>
    <property name="java.vendor.url.bug" value="https://github.com/Homebrew/homebrew-core/issues"/>
    <property name="java.io.tmpdir" value="/var/folders/c6/syh8ykf5351394rndpkxxntm0000gn/T/"/>
    <property name="com.zaxxer.hikari.pool_number" value="1"/>
    <property name="java.version" value="22.0.2"/>
    <property name="user.dir" value="/Users/muhammadhuzaifah/Documents/iFooty/Backend"/>
    <property name="os.arch" value="aarch64"/>
    <property name="java.vm.specification.name" value="Java Virtual Machine Specification"/>
    <property name="PID" value="7539"/>
    <property name="CONSOLE_LOG_CHARSET" value="UTF-8"/>
    <property name="native.encoding" value="UTF-8"/>
    <property name="java.library.path" value="/Users/muhammadhuzaifah/Library/Java/Extensions:/Library/Java/Extensions:/Network/Library/Java/Extensions:/System/Library/Java/Extensions:/usr/lib/java:."/>
    <property name="java.vm.info" value="mixed mode, sharing"/>
    <property name="stderr.encoding" value="UTF-8"/>
    <property name="java.vendor" value="Homebrew"/>
    <property name="java.vm.version" value="22.0.2"/>
    <property name="sun.io.unicode.encoding" value="UnicodeBig"/>
    <property name="socksNonProxyHosts" value="local|*.local|169.254/16|*.169.254/16"/>
    <property name="java.class.version" value="66.0"/>
  </properties>
  <testcase name="contextLoads" classname="com.ifooty.IFootyApplicationTests" time="0.371">
    <system-out><![CDATA[03:18:13.881 [main] INFO org.springframework.test.context.support.AnnotationConfigContextLoaderUtils -- Could not detect default configuration classes for test class [com.ifooty.IFootyApplicationTests]: IFootyApplicationTests does not declare any static, non-private, non-final, nested classes annotated with @Configuration.
03:18:13.940 [main] INFO org.springframework.boot.test.context.SpringBootTestContextBootstrapper -- Found @SpringBootConfiguration com.ifooty.IFootyApplication for test class com.ifooty.IFootyApplicationTests

  .   ____          _            __ _ _
 /\\ / ___'_ __ _ _(_)_ __  __ _ \ \ \ \
( ( )\___ | '_ | '_| | '_ \/ _` | \ \ \ \
 \\/  ___)| |_)| | | | | || (_| |  ) ) ) )
  '  |____| .__|_| |_|_| |_\__, | / / / /
 =========|_|==============|___/=/_/_/_/

 :: Spring Boot ::                (v3.3.3)

2024-09-11T03:18:14.173-04:00  INFO 7539 --- [           main] com.ifooty.IFootyApplicationTests        : Starting IFootyApplicationTests using Java 22.0.2 with PID 7539 (started by muhammadhuzaifah in /Users/muhammadhuzaifah/Documents/iFooty/Backend)
2024-09-11T03:18:14.174-04:00  INFO 7539 --- [           main] com.ifooty.IFootyApplicationTests        : No active profile set, falling back to 1 default profile: "default"
2024-09-11T03:18:14.516-04:00  INFO 7539 --- [           main] .s.d.r.c.RepositoryConfigurationDelegate : Bootstrapping Spring Data JPA repositories in DEFAULT mode.
2024-09-11T03:18:14.545-04:00  INFO 7539 --- [           main] .s.d.r.c.RepositoryConfigurationDelegate : Finished Spring Data repository scanning in 24 ms. Found 3 JPA repository interfaces.
2024-09-11T03:18:14.788-04:00  INFO 7539 --- [           main] o.hibernate.jpa.internal.util.LogHelper  : HHH000204: Processing PersistenceUnitInfo [name: default]
2024-09-11T03:18:14.826-04:00  INFO 7539 --- [           main] org.hibernate.Version                    : HHH000412: Hibernate ORM core version 6.5.2.Final
2024-09-11T03:18:14.844-04:00  INFO 7539 --- [           main] o.h.c.internal.RegionFactoryInitiator    : HHH000026: Second-level cache disabled
2024-09-11T03:18:15.012-04:00  INFO 7539 --- [           main] o.s.o.j.p.SpringPersistenceUnitInfo      : No LoadTimeWeaver setup: ignoring JPA class transformer
2024-09-11T03:18:15.026-04:00  INFO 7539 --- [           main] com.zaxxer.hikari.HikariDataSource       : HikariPool-1 - Starting...
2024-09-11T03:18:15.172-04:00  INFO 7539 --- [           main] com.zaxxer.hikari.pool.HikariPool        : HikariPool-1 - Added connection org.postgresql.jdbc.PgConnection@6481dce5
2024-09-11T03:18:15.173-04:00  INFO 7539 --- [           main] com.zaxxer.hikari.HikariDataSource       : HikariPool-1 - Start completed.
2024-09-11T03:18:15.207-04:00  WARN 7539 --- [           main] org.hibernate.orm.deprecation            : HHH90000025: PostgreSQLDialect does not need to be specified explicitly using 'hibernate.dialect' (remove the property setting and it will be selected by default)
2024-09-11T03:18:15.724-04:00  INFO 7539 --- [           main] o.h.e.t.j.p.i.JtaPlatformInitiator       : HHH000489: No JTA platform available (set 'hibernate.transaction.jta.platform' to enable JTA platform integration)
2024-09-11T03:18:15.725-04:00  INFO 7539 --- [           main] j.LocalContainerEntityManagerFactoryBean : Initialized JPA EntityManagerFactory for persistence unit 'default'
2024-09-11T03:18:16.068-04:00  WARN 7539 --- [           main] JpaBaseConfiguration$JpaWebConfiguration : spring.jpa.open-in-view is enabled by default. Therefore, database queries may be performed during view rendering. Explicitly configure spring.jpa.open-in-view to disable this warning
Hibernate: 
    select
        n1_0.id,
        n1_0.body,
        n1_0.date,
        n1_0.summary,
        n1_0.team,
        n1_0.title 
    from
        news_data n1_0
Hibernate: 
    select
        t1_0.name,
        t1_0.away_record,
        t1_0.goals,
        t1_0.goals_per_game,
        t1_0.home_record,
        t1_0.points_per_game,
        t1_0.record,
        n1_0.team,
        n1_0.id,
        n1_0.body,
        n1_0.date,
        n1_0.summary,
        n1_0.title 
    from
        team_data t1_0 
    left join
        news_data n1_0 
            on t1_0.name=n1_0.team 
    where
        t1_0.name=?
Hibernate: 
    select
        t1_0.name,
        t1_0.away_record,
        t1_0.goals,
        t1_0.goals_per_game,
        t1_0.home_record,
        t1_0.points_per_game,
        t1_0.record,
        n1_0.team,
        n1_0.id,
        n1_0.body,
        n1_0.date,
        n1_0.summary,
        n1_0.title 
    from
        team_data t1_0 
    left join
        news_data n1_0 
            on t1_0.name=n1_0.team 
    where
        t1_0.name=?
Hibernate: 
    select
        t1_0.name,
        t1_0.away_record,
        t1_0.goals,
        t1_0.goals_per_game,
        t1_0.home_record,
        t1_0.points_per_game,
        t1_0.record,
        n1_0.team,
        n1_0.id,
        n1_0.body,
        n1_0.date,
        n1_0.summary,
        n1_0.title 
    from
        team_data t1_0 
    left join
        news_data n1_0 
            on t1_0.name=n1_0.team 
    where
        t1_0.name=?
Hibernate: 
    select
        t1_0.name,
        t1_0.away_record,
        t1_0.goals,
        t1_0.goals_per_game,
        t1_0.home_record,
        t1_0.points_per_game,
        t1_0.record,
        n1_0.team,
        n1_0.id,
        n1_0.body,
        n1_0.date,
        n1_0.summary,
        n1_0.title 
    from
        team_data t1_0 
    left join
        news_data n1_0 
            on t1_0.name=n1_0.team 
    where
        t1_0.name=?
Hibernate: 
    select
        t1_0.name,
        t1_0.away_record,
        t1_0.goals,
        t1_0.goals_per_game,
        t1_0.home_record,
        t1_0.points_per_game,
        t1_0.record,
        n1_0.team,
        n1_0.id,
        n1_0.body,
        n1_0.date,
        n1_0.summary,
        n1_0.title 
    from
        team_data t1_0 
    left join
        news_data n1_0 
            on t1_0.name=n1_0.team 
    where
        t1_0.name=?
Hibernate: 
    select
        t1_0.name,
        t1_0.away_record,
        t1_0.goals,
        t1_0.goals_per_game,
        t1_0.home_record,
        t1_0.points_per_game,
        t1_0.record,
        n1_0.team,
        n1_0.id,
        n1_0.body,
        n1_0.date,
        n1_0.summary,
        n1_0.title 
    from
        team_data t1_0 
    left join
        news_data n1_0 
            on t1_0.name=n1_0.team 
    where
        t1_0.name=?
Hibernate: 
    select
        t1_0.name,
        t1_0.away_record,
        t1_0.goals,
        t1_0.goals_per_game,
        t1_0.home_record,
        t1_0.points_per_game,
        t1_0.record,
        n1_0.team,
        n1_0.id,
        n1_0.body,
        n1_0.date,
        n1_0.summary,
        n1_0.title 
    from
        team_data t1_0 
    left join
        news_data n1_0 
            on t1_0.name=n1_0.team 
    where
        t1_0.name=?
Hibernate: 
    select
        t1_0.name,
        t1_0.away_record,
        t1_0.goals,
        t1_0.goals_per_game,
        t1_0.home_record,
        t1_0.points_per_game,
        t1_0.record,
        n1_0.team,
        n1_0.id,
        n1_0.body,
        n1_0.date,
        n1_0.summary,
        n1_0.title 
    from
        team_data t1_0 
    left join
        news_data n1_0 
            on t1_0.name=n1_0.team 
    where
        t1_0.name=?
Hibernate: 
    select
        t1_0.name,
        t1_0.away_record,
        t1_0.goals,
        t1_0.goals_per_game,
        t1_0.home_record,
        t1_0.points_per_game,
        t1_0.record,
        n1_0.team,
        n1_0.id,
        n1_0.body,
        n1_0.date,
        n1_0.summary,
        n1_0.title 
    from
        team_data t1_0 
    left join
        news_data n1_0 
            on t1_0.name=n1_0.team 
    where
        t1_0.name=?
Hibernate: 
    select
        t1_0.name,
        t1_0.away_record,
        t1_0.goals,
        t1_0.goals_per_game,
        t1_0.home_record,
        t1_0.points_per_game,
        t1_0.record,
        n1_0.team,
        n1_0.id,
        n1_0.body,
        n1_0.date,
        n1_0.summary,
        n1_0.title 
    from
        team_data t1_0 
    left join
        news_data n1_0 
            on t1_0.name=n1_0.team 
    where
        t1_0.name=?
Hibernate: 
    select
        t1_0.name,
        t1_0.away_record,
        t1_0.goals,
        t1_0.goals_per_game,
        t1_0.home_record,
        t1_0.points_per_game,
        t1_0.record,
        n1_0.team,
        n1_0.id,
        n1_0.body,
        n1_0.date,
        n1_0.summary,
        n1_0.title 
    from
        team_data t1_0 
    left join
        news_data n1_0 
            on t1_0.name=n1_0.team 
    where
        t1_0.name=?
Hibernate: 
    select
        t1_0.name,
        t1_0.away_record,
        t1_0.goals,
        t1_0.goals_per_game,
        t1_0.home_record,
        t1_0.points_per_game,
        t1_0.record,
        n1_0.team,
        n1_0.id,
        n1_0.body,
        n1_0.date,
        n1_0.summary,
        n1_0.title 
    from
        team_data t1_0 
    left join
        news_data n1_0 
            on t1_0.name=n1_0.team 
    where
        t1_0.name=?
Hibernate: 
    select
        n1_0.id,
        n1_0.body,
        n1_0.date,
        n1_0.summary,
        n1_0.team,
        n1_0.title 
    from
        news_data n1_0
Hibernate: 
    select
        t1_0.name,
        t1_0.away_record,
        t1_0.goals,
        t1_0.goals_per_game,
        t1_0.home_record,
        t1_0.points_per_game,
        t1_0.record,
        n1_0.team,
        n1_0.id,
        n1_0.body,
        n1_0.date,
        n1_0.summary,
        n1_0.title 
    from
        team_data t1_0 
    left join
        news_data n1_0 
            on t1_0.name=n1_0.team 
    where
        t1_0.name=?
Hibernate: 
    select
        t1_0.name,
        t1_0.away_record,
        t1_0.goals,
        t1_0.goals_per_game,
        t1_0.home_record,
        t1_0.points_per_game,
        t1_0.record,
        n1_0.team,
        n1_0.id,
        n1_0.body,
        n1_0.date,
        n1_0.summary,
        n1_0.title 
    from
        team_data t1_0 
    left join
        news_data n1_0 
            on t1_0.name=n1_0.team 
    where
        t1_0.name=?
Hibernate: 
    select
        t1_0.name,
        t1_0.away_record,
        t1_0.goals,
        t1_0.goals_per_game,
        t1_0.home_record,
        t1_0.points_per_game,
        t1_0.record,
        n1_0.team,
        n1_0.id,
        n1_0.body,
        n1_0.date,
        n1_0.summary,
        n1_0.title 
    from
        team_data t1_0 
    left join
        news_data n1_0 
            on t1_0.name=n1_0.team 
    where
        t1_0.name=?
Hibernate: 
    select
        t1_0.name,
        t1_0.away_record,
        t1_0.goals,
        t1_0.goals_per_game,
        t1_0.home_record,
        t1_0.points_per_game,
        t1_0.record,
        n1_0.team,
        n1_0.id,
        n1_0.body,
        n1_0.date,
        n1_0.summary,
        n1_0.title 
    from
        team_data t1_0 
    left join
        news_data n1_0 
            on t1_0.name=n1_0.team 
    where
        t1_0.name=?
Hibernate: 
    select
        t1_0.name,
        t1_0.away_record,
        t1_0.goals,
        t1_0.goals_per_game,
        t1_0.home_record,
        t1_0.points_per_game,
        t1_0.record,
        n1_0.team,
        n1_0.id,
        n1_0.body,
        n1_0.date,
        n1_0.summary,
        n1_0.title 
    from
        team_data t1_0 
    left join
        news_data n1_0 
            on t1_0.name=n1_0.team 
    where
        t1_0.name=?
Hibernate: 
    select
        t1_0.name,
        t1_0.away_record,
        t1_0.goals,
        t1_0.goals_per_game,
        t1_0.home_record,
        t1_0.points_per_game,
        t1_0.record,
        n1_0.team,
        n1_0.id,
        n1_0.body,
        n1_0.date,
        n1_0.summary,
        n1_0.title 
    from
        team_data t1_0 
    left join
        news_data n1_0 
            on t1_0.name=n1_0.team 
    where
        t1_0.name=?
Hibernate: 
    select
        t1_0.name,
        t1_0.away_record,
        t1_0.goals,
        t1_0.goals_per_game,
        t1_0.home_record,
        t1_0.points_per_game,
        t1_0.record,
        n1_0.team,
        n1_0.id,
        n1_0.body,
        n1_0.date,
        n1_0.summary,
        n1_0.title 
    from
        team_data t1_0 
    left join
        news_data n1_0 
            on t1_0.name=n1_0.team 
    where
        t1_0.name=?
Hibernate: 
    select
        t1_0.name,
        t1_0.away_record,
        t1_0.goals,
        t1_0.goals_per_game,
        t1_0.home_record,
        t1_0.points_per_game,
        t1_0.record,
        n1_0.team,
        n1_0.id,
        n1_0.body,
        n1_0.date,
        n1_0.summary,
        n1_0.title 
    from
        team_data t1_0 
    left join
        news_data n1_0 
            on t1_0.name=n1_0.team 
    where
        t1_0.name=?
Hibernate: 
    select
        t1_0.name,
        t1_0.away_record,
        t1_0.goals,
        t1_0.goals_per_game,
        t1_0.home_record,
        t1_0.points_per_game,
        t1_0.record,
        n1_0.team,
        n1_0.id,
        n1_0.body,
        n1_0.date,
        n1_0.summary,
        n1_0.title 
    from
        team_data t1_0 
    left join
        news_data n1_0 
            on t1_0.name=n1_0.team 
    where
        t1_0.name=?
Hibernate: 
    select
        t1_0.name,
        t1_0.away_record,
        t1_0.goals,
        t1_0.goals_per_game,
        t1_0.home_record,
        t1_0.points_per_game,
        t1_0.record,
        n1_0.team,
        n1_0.id,
        n1_0.body,
        n1_0.date,
        n1_0.summary,
        n1_0.title 
    from
        team_data t1_0 
    left join
        news_data n1_0 
            on t1_0.name=n1_0.team 
    where
        t1_0.name=?
Hibernate: 
    select
        t1_0.name,
        t1_0.away_record,
        t1_0.goals,
        t1_0.goals_per_game,
        t1_0.home_record,
        t1_0.points_per_game,
        t1_0.record,
        n1_0.team,
        n1_0.id,
        n1_0.body,
        n1_0.date,
        n1_0.summary,
        n1_0.title 
    from
        team_data t1_0 
    left join
        news_data n1_0 
            on t1_0.name=n1_0.team 
    where
        t1_0.name=?
Hibernate: 
    select
        t1_0.name,
        t1_0.away_record,
        t1_0.goals,
        t1_0.goals_per_game,
        t1_0.home_record,
        t1_0.points_per_game,
        t1_0.record,
        n1_0.team,
        n1_0.id,
        n1_0.body,
        n1_0.date,
        n1_0.summary,
        n1_0.title 
    from
        team_data t1_0 
    left join
        news_data n1_0 
            on t1_0.name=n1_0.team 
    where
        t1_0.name=?
Hibernate: 
    select
        t1_0.name,
        t1_0.away_record,
        t1_0.goals,
        t1_0.goals_per_game,
        t1_0.home_record,
        t1_0.points_per_game,
        t1_0.record 
    from
        team_data t1_0 
    where
        t1_0.name=?
Hibernate: 
    select
        n1_0.team,
        n1_0.id,
        n1_0.body,
        n1_0.date,
        n1_0.summary,
        n1_0.title 
    from
        news_data n1_0 
    where
        n1_0.team=?
Hibernate: 
    select
        t1_0.name,
        t1_0.away_record,
        t1_0.goals,
        t1_0.goals_per_game,
        t1_0.home_record,
        t1_0.points_per_game,
        t1_0.record 
    from
        team_data t1_0 
    where
        t1_0.name=?
Hibernate: 
    select
        n1_0.team,
        n1_0.id,
        n1_0.body,
        n1_0.date,
        n1_0.summary,
        n1_0.title 
    from
        news_data n1_0 
    where
        n1_0.team=?
Hibernate: 
    select
        t1_0.name,
        t1_0.away_record,
        t1_0.goals,
        t1_0.goals_per_game,
        t1_0.home_record,
        t1_0.points_per_game,
        t1_0.record 
    from
        team_data t1_0 
    where
        t1_0.name=?
Hibernate: 
    select
        n1_0.team,
        n1_0.id,
        n1_0.body,
        n1_0.date,
        n1_0.summary,
        n1_0.title 
    from
        news_data n1_0 
    where
        n1_0.team=?
Hibernate: 
    select
        t1_0.name,
        t1_0.away_record,
        t1_0.goals,
        t1_0.goals_per_game,
        t1_0.home_record,
        t1_0.points_per_game,
        t1_0.record 
    from
        team_data t1_0 
    where
        t1_0.name=?
Hibernate: 
    select
        n1_0.team,
        n1_0.id,
        n1_0.body,
        n1_0.date,
        n1_0.summary,
        n1_0.title 
    from
        news_data n1_0 
    where
        n1_0.team=?
Hibernate: 
    select
        t1_0.name,
        t1_0.away_record,
        t1_0.goals,
        t1_0.goals_per_game,
        t1_0.home_record,
        t1_0.points_per_game,
        t1_0.record 
    from
        team_data t1_0 
    where
        t1_0.name=?
Hibernate: 
    select
        n1_0.team,
        n1_0.id,
        n1_0.body,
        n1_0.date,
        n1_0.summary,
        n1_0.title 
    from
        news_data n1_0 
    where
        n1_0.team=?
Hibernate: 
    select
        t1_0.name,
        t1_0.away_record,
        t1_0.goals,
        t1_0.goals_per_game,
        t1_0.home_record,
        t1_0.points_per_game,
        t1_0.record 
    from
        team_data t1_0 
    where
        t1_0.name=?
Hibernate: 
    select
        n1_0.team,
        n1_0.id,
        n1_0.body,
        n1_0.date,
        n1_0.summary,
        n1_0.title 
    from
        news_data n1_0 
    where
        n1_0.team=?
Hibernate: 
    select
        t1_0.name,
        t1_0.away_record,
        t1_0.goals,
        t1_0.goals_per_game,
        t1_0.home_record,
        t1_0.points_per_game,
        t1_0.record 
    from
        team_data t1_0 
    where
        t1_0.name=?
Hibernate: 
    select
        n1_0.team,
        n1_0.id,
        n1_0.body,
        n1_0.date,
        n1_0.summary,
        n1_0.title 
    from
        news_data n1_0 
    where
        n1_0.team=?
Hibernate: 
    select
        t1_0.name,
        t1_0.away_record,
        t1_0.goals,
        t1_0.goals_per_game,
        t1_0.home_record,
        t1_0.points_per_game,
        t1_0.record 
    from
        team_data t1_0 
    where
        t1_0.name=?
Hibernate: 
    select
        n1_0.team,
        n1_0.id,
        n1_0.body,
        n1_0.date,
        n1_0.summary,
        n1_0.title 
    from
        news_data n1_0 
    where
        n1_0.team=?
Hibernate: 
    select
        t1_0.name,
        t1_0.away_record,
        t1_0.goals,
        t1_0.goals_per_game,
        t1_0.home_record,
        t1_0.points_per_game,
        t1_0.record 
    from
        team_data t1_0 
    where
        t1_0.name=?
Hibernate: 
    select
        n1_0.team,
        n1_0.id,
        n1_0.body,
        n1_0.date,
        n1_0.summary,
        n1_0.title 
    from
        news_data n1_0 
    where
        n1_0.team=?
Hibernate: 
    select
        t1_0.name,
        t1_0.away_record,
        t1_0.goals,
        t1_0.goals_per_game,
        t1_0.home_record,
        t1_0.points_per_game,
        t1_0.record 
    from
        team_data t1_0 
    where
        t1_0.name=?
Hibernate: 
    select
        n1_0.team,
        n1_0.id,
        n1_0.body,
        n1_0.date,
        n1_0.summary,
        n1_0.title 
    from
        news_data n1_0 
    where
        n1_0.team=?
Hibernate: 
    select
        t1_0.name,
        t1_0.away_record,
        t1_0.goals,
        t1_0.goals_per_game,
        t1_0.home_record,
        t1_0.points_per_game,
        t1_0.record 
    from
        team_data t1_0 
    where
        t1_0.name=?
Hibernate: 
    select
        n1_0.team,
        n1_0.id,
        n1_0.body,
        n1_0.date,
        n1_0.summary,
        n1_0.title 
    from
        news_data n1_0 
    where
        n1_0.team=?
Hibernate: 
    select
        t1_0.name,
        t1_0.away_record,
        t1_0.goals,
        t1_0.goals_per_game,
        t1_0.home_record,
        t1_0.points_per_game,
        t1_0.record 
    from
        team_data t1_0 
    where
        t1_0.name=?
Hibernate: 
    select
        n1_0.team,
        n1_0.id,
        n1_0.body,
        n1_0.date,
        n1_0.summary,
        n1_0.title 
    from
        news_data n1_0 
    where
        n1_0.team=?
Hibernate: 
    select
        t1_0.name,
        t1_0.away_record,
        t1_0.goals,
        t1_0.goals_per_game,
        t1_0.home_record,
        t1_0.points_per_game,
        t1_0.record 
    from
        team_data t1_0 
    where
        t1_0.name=?
Hibernate: 
    select
        n1_0.team,
        n1_0.id,
        n1_0.body,
        n1_0.date,
        n1_0.summary,
        n1_0.title 
    from
        news_data n1_0 
    where
        n1_0.team=?
Hibernate: 
    select
        t1_0.name,
        t1_0.away_record,
        t1_0.goals,
        t1_0.goals_per_game,
        t1_0.home_record,
        t1_0.points_per_game,
        t1_0.record 
    from
        team_data t1_0 
    where
        t1_0.name=?
Hibernate: 
    select
        n1_0.team,
        n1_0.id,
        n1_0.body,
        n1_0.date,
        n1_0.summary,
        n1_0.title 
    from
        news_data n1_0 
    where
        n1_0.team=?
Hibernate: 
    select
        t1_0.name,
        t1_0.away_record,
        t1_0.goals,
        t1_0.goals_per_game,
        t1_0.home_record,
        t1_0.points_per_game,
        t1_0.record 
    from
        team_data t1_0 
    where
        t1_0.name=?
Hibernate: 
    select
        n1_0.team,
        n1_0.id,
        n1_0.body,
        n1_0.date,
        n1_0.summary,
        n1_0.title 
    from
        news_data n1_0 
    where
        n1_0.team=?
Hibernate: 
    select
        t1_0.name,
        t1_0.away_record,
        t1_0.goals,
        t1_0.goals_per_game,
        t1_0.home_record,
        t1_0.points_per_game,
        t1_0.record 
    from
        team_data t1_0 
    where
        t1_0.name=?
Hibernate: 
    select
        n1_0.team,
        n1_0.id,
        n1_0.body,
        n1_0.date,
        n1_0.summary,
        n1_0.title 
    from
        news_data n1_0 
    where
        n1_0.team=?
Hibernate: 
    select
        t1_0.name,
        t1_0.away_record,
        t1_0.goals,
        t1_0.goals_per_game,
        t1_0.home_record,
        t1_0.points_per_game,
        t1_0.record 
    from
        team_data t1_0 
    where
        t1_0.name=?
Hibernate: 
    select
        n1_0.team,
        n1_0.id,
        n1_0.body,
        n1_0.date,
        n1_0.summary,
        n1_0.title 
    from
        news_data n1_0 
    where
        n1_0.team=?
Hibernate: 
    select
        t1_0.name,
        t1_0.away_record,
        t1_0.goals,
        t1_0.goals_per_game,
        t1_0.home_record,
        t1_0.points_per_game,
        t1_0.record 
    from
        team_data t1_0 
    where
        t1_0.name=?
Hibernate: 
    select
        n1_0.team,
        n1_0.id,
        n1_0.body,
        n1_0.date,
        n1_0.summary,
        n1_0.title 
    from
        news_data n1_0 
    where
        n1_0.team=?
Hibernate: 
    select
        t1_0.name,
        t1_0.away_record,
        t1_0.goals,
        t1_0.goals_per_game,
        t1_0.home_record,
        t1_0.points_per_game,
        t1_0.record 
    from
        team_data t1_0 
    where
        t1_0.name=?
Hibernate: 
    select
        n1_0.team,
        n1_0.id,
        n1_0.body,
        n1_0.date,
        n1_0.summary,
        n1_0.title 
    from
        news_data n1_0 
    where
        n1_0.team=?
Hibernate: 
    select
        t1_0.name,
        t1_0.away_record,
        t1_0.goals,
        t1_0.goals_per_game,
        t1_0.home_record,
        t1_0.points_per_game,
        t1_0.record 
    from
        team_data t1_0 
    where
        t1_0.name=?
Hibernate: 
    select
        n1_0.team,
        n1_0.id,
        n1_0.body,
        n1_0.date,
        n1_0.summary,
        n1_0.title 
    from
        news_data n1_0 
    where
        n1_0.team=?
Hibernate: 
    select
        t1_0.name,
        t1_0.away_record,
        t1_0.goals,
        t1_0.goals_per_game,
        t1_0.home_record,
        t1_0.points_per_game,
        t1_0.record 
    from
        team_data t1_0 
    where
        t1_0.name=?
Hibernate: 
    select
        n1_0.team,
        n1_0.id,
        n1_0.body,
        n1_0.date,
        n1_0.summary,
        n1_0.title 
    from
        news_data n1_0 
    where
        n1_0.team=?
Hibernate: 
    select
        t1_0.name,
        t1_0.away_record,
        t1_0.goals,
        t1_0.goals_per_game,
        t1_0.home_record,
        t1_0.points_per_game,
        t1_0.record 
    from
        team_data t1_0 
    where
        t1_0.name=?
Hibernate: 
    select
        n1_0.team,
        n1_0.id,
        n1_0.body,
        n1_0.date,
        n1_0.summary,
        n1_0.title 
    from
        news_data n1_0 
    where
        n1_0.team=?
Hibernate: 
    select
        t1_0.name,
        t1_0.away_record,
        t1_0.goals,
        t1_0.goals_per_game,
        t1_0.home_record,
        t1_0.points_per_game,
        t1_0.record 
    from
        team_data t1_0 
    where
        t1_0.name=?
Hibernate: 
    select
        n1_0.team,
        n1_0.id,
        n1_0.body,
        n1_0.date,
        n1_0.summary,
        n1_0.title 
    from
        news_data n1_0 
    where
        n1_0.team=?
Hibernate: 
    select
        t1_0.name,
        t1_0.away_record,
        t1_0.goals,
        t1_0.goals_per_game,
        t1_0.home_record,
        t1_0.points_per_game,
        t1_0.record 
    from
        team_data t1_0 
    where
        t1_0.name=?
Hibernate: 
    select
        n1_0.team,
        n1_0.id,
        n1_0.body,
        n1_0.date,
        n1_0.summary,
        n1_0.title 
    from
        news_data n1_0 
    where
        n1_0.team=?
Hibernate: 
    select
        t1_0.name,
        t1_0.away_record,
        t1_0.goals,
        t1_0.goals_per_game,
        t1_0.home_record,
        t1_0.points_per_game,
        t1_0.record 
    from
        team_data t1_0 
    where
        t1_0.name=?
Hibernate: 
    select
        n1_0.team,
        n1_0.id,
        n1_0.body,
        n1_0.date,
        n1_0.summary,
        n1_0.title 
    from
        news_data n1_0 
    where
        n1_0.team=?
Hibernate: 
    select
        t1_0.name,
        t1_0.away_record,
        t1_0.goals,
        t1_0.goals_per_game,
        t1_0.home_record,
        t1_0.points_per_game,
        t1_0.record 
    from
        team_data t1_0 
    where
        t1_0.name=?
Hibernate: 
    select
        n1_0.team,
        n1_0.id,
        n1_0.body,
        n1_0.date,
        n1_0.summary,
        n1_0.title 
    from
        news_data n1_0 
    where
        n1_0.team=?
Hibernate: 
    select
        t1_0.name,
        t1_0.away_record,
        t1_0.goals,
        t1_0.goals_per_game,
        t1_0.home_record,
        t1_0.points_per_game,
        t1_0.record 
    from
        team_data t1_0 
    where
        t1_0.name=?
Hibernate: 
    select
        n1_0.team,
        n1_0.id,
        n1_0.body,
        n1_0.date,
        n1_0.summary,
        n1_0.title 
    from
        news_data n1_0 
    where
        n1_0.team=?
Hibernate: 
    select
        t1_0.name,
        t1_0.away_record,
        t1_0.goals,
        t1_0.goals_per_game,
        t1_0.home_record,
        t1_0.points_per_game,
        t1_0.record 
    from
        team_data t1_0 
    where
        t1_0.name=?
Hibernate: 
    select
        n1_0.team,
        n1_0.id,
        n1_0.body,
        n1_0.date,
        n1_0.summary,
        n1_0.title 
    from
        news_data n1_0 
    where
        n1_0.team=?
Hibernate: 
    select
        t1_0.name,
        t1_0.away_record,
        t1_0.goals,
        t1_0.goals_per_game,
        t1_0.home_record,
        t1_0.points_per_game,
        t1_0.record 
    from
        team_data t1_0 
    where
        t1_0.name=?
Hibernate: 
    select
        n1_0.team,
        n1_0.id,
        n1_0.body,
        n1_0.date,
        n1_0.summary,
        n1_0.title 
    from
        news_data n1_0 
    where
        n1_0.team=?
Hibernate: 
    select
        t1_0.name,
        t1_0.away_record,
        t1_0.goals,
        t1_0.goals_per_game,
        t1_0.home_record,
        t1_0.points_per_game,
        t1_0.record 
    from
        team_data t1_0 
    where
        t1_0.name=?
Hibernate: 
    select
        n1_0.team,
        n1_0.id,
        n1_0.body,
        n1_0.date,
        n1_0.summary,
        n1_0.title 
    from
        news_data n1_0 
    where
        n1_0.team=?
Hibernate: 
    select
        t1_0.name,
        t1_0.away_record,
        t1_0.goals,
        t1_0.goals_per_game,
        t1_0.home_record,
        t1_0.points_per_game,
        t1_0.record 
    from
        team_data t1_0 
    where
        t1_0.name=?
Hibernate: 
    select
        n1_0.team,
        n1_0.id,
        n1_0.body,
        n1_0.date,
        n1_0.summary,
        n1_0.title 
    from
        news_data n1_0 
    where
        n1_0.team=?
Hibernate: 
    select
        t1_0.name,
        t1_0.away_record,
        t1_0.goals,
        t1_0.goals_per_game,
        t1_0.home_record,
        t1_0.points_per_game,
        t1_0.record 
    from
        team_data t1_0 
    where
        t1_0.name=?
Hibernate: 
    select
        n1_0.team,
        n1_0.id,
        n1_0.body,
        n1_0.date,
        n1_0.summary,
        n1_0.title 
    from
        news_data n1_0 
    where
        n1_0.team=?
Hibernate: 
    select
        t1_0.name,
        t1_0.away_record,
        t1_0.goals,
        t1_0.goals_per_game,
        t1_0.home_record,
        t1_0.points_per_game,
        t1_0.record 
    from
        team_data t1_0 
    where
        t1_0.name=?
Hibernate: 
    select
        n1_0.team,
        n1_0.id,
        n1_0.body,
        n1_0.date,
        n1_0.summary,
        n1_0.title 
    from
        news_data n1_0 
    where
        n1_0.team=?
Hibernate: 
    select
        t1_0.name,
        t1_0.away_record,
        t1_0.goals,
        t1_0.goals_per_game,
        t1_0.home_record,
        t1_0.points_per_game,
        t1_0.record 
    from
        team_data t1_0 
    where
        t1_0.name=?
Hibernate: 
    select
        n1_0.team,
        n1_0.id,
        n1_0.body,
        n1_0.date,
        n1_0.summary,
        n1_0.title 
    from
        news_data n1_0 
    where
        n1_0.team=?
Hibernate: 
    select
        t1_0.name,
        t1_0.away_record,
        t1_0.goals,
        t1_0.goals_per_game,
        t1_0.home_record,
        t1_0.points_per_game,
        t1_0.record 
    from
        team_data t1_0 
    where
        t1_0.name=?
Hibernate: 
    select
        n1_0.team,
        n1_0.id,
        n1_0.body,
        n1_0.date,
        n1_0.summary,
        n1_0.title 
    from
        news_data n1_0 
    where
        n1_0.team=?
Hibernate: 
    select
        t1_0.name,
        t1_0.away_record,
        t1_0.goals,
        t1_0.goals_per_game,
        t1_0.home_record,
        t1_0.points_per_game,
        t1_0.record 
    from
        team_data t1_0 
    where
        t1_0.name=?
Hibernate: 
    select
        n1_0.team,
        n1_0.id,
        n1_0.body,
        n1_0.date,
        n1_0.summary,
        n1_0.title 
    from
        news_data n1_0 
    where
        n1_0.team=?
Hibernate: 
    select
        t1_0.name,
        t1_0.away_record,
        t1_0.goals,
        t1_0.goals_per_game,
        t1_0.home_record,
        t1_0.points_per_game,
        t1_0.record 
    from
        team_data t1_0 
    where
        t1_0.name=?
Hibernate: 
    select
        n1_0.team,
        n1_0.id,
        n1_0.body,
        n1_0.date,
        n1_0.summary,
        n1_0.title 
    from
        news_data n1_0 
    where
        n1_0.team=?
Hibernate: 
    select
        t1_0.name,
        t1_0.away_record,
        t1_0.goals,
        t1_0.goals_per_game,
        t1_0.home_record,
        t1_0.points_per_game,
        t1_0.record 
    from
        team_data t1_0 
    where
        t1_0.name=?
Hibernate: 
    select
        n1_0.team,
        n1_0.id,
        n1_0.body,
        n1_0.date,
        n1_0.summary,
        n1_0.title 
    from
        news_data n1_0 
    where
        n1_0.team=?
Hibernate: 
    select
        t1_0.name,
        t1_0.away_record,
        t1_0.goals,
        t1_0.goals_per_game,
        t1_0.home_record,
        t1_0.points_per_game,
        t1_0.record 
    from
        team_data t1_0 
    where
        t1_0.name=?
Hibernate: 
    select
        n1_0.team,
        n1_0.id,
        n1_0.body,
        n1_0.date,
        n1_0.summary,
        n1_0.title 
    from
        news_data n1_0 
    where
        n1_0.team=?
Hibernate: 
    select
        t1_0.name,
        t1_0.away_record,
        t1_0.goals,
        t1_0.goals_per_game,
        t1_0.home_record,
        t1_0.points_per_game,
        t1_0.record 
    from
        team_data t1_0 
    where
        t1_0.name=?
Hibernate: 
    select
        n1_0.team,
        n1_0.id,
        n1_0.body,
        n1_0.date,
        n1_0.summary,
        n1_0.title 
    from
        news_data n1_0 
    where
        n1_0.team=?
Hibernate: 
    select
        t1_0.name,
        t1_0.away_record,
        t1_0.goals,
        t1_0.goals_per_game,
        t1_0.home_record,
        t1_0.points_per_game,
        t1_0.record 
    from
        team_data t1_0 
    where
        t1_0.name=?
Hibernate: 
    select
        n1_0.team,
        n1_0.id,
        n1_0.body,
        n1_0.date,
        n1_0.summary,
        n1_0.title 
    from
        news_data n1_0 
    where
        n1_0.team=?
Hibernate: 
    select
        t1_0.name,
        t1_0.away_record,
        t1_0.goals,
        t1_0.goals_per_game,
        t1_0.home_record,
        t1_0.points_per_game,
        t1_0.record 
    from
        team_data t1_0 
    where
        t1_0.name=?
Hibernate: 
    select
        n1_0.team,
        n1_0.id,
        n1_0.body,
        n1_0.date,
        n1_0.summary,
        n1_0.title 
    from
        news_data n1_0 
    where
        n1_0.team=?
Hibernate: 
    select
        t1_0.name,
        t1_0.away_record,
        t1_0.goals,
        t1_0.goals_per_game,
        t1_0.home_record,
        t1_0.points_per_game,
        t1_0.record 
    from
        team_data t1_0 
    where
        t1_0.name=?
Hibernate: 
    select
        n1_0.team,
        n1_0.id,
        n1_0.body,
        n1_0.date,
        n1_0.summary,
        n1_0.title 
    from
        news_data n1_0 
    where
        n1_0.team=?
Hibernate: 
    select
        t1_0.name,
        t1_0.away_record,
        t1_0.goals,
        t1_0.goals_per_game,
        t1_0.home_record,
        t1_0.points_per_game,
        t1_0.record 
    from
        team_data t1_0 
    where
        t1_0.name=?
Hibernate: 
    select
        n1_0.team,
        n1_0.id,
        n1_0.body,
        n1_0.date,
        n1_0.summary,
        n1_0.title 
    from
        news_data n1_0 
    where
        n1_0.team=?
Hibernate: 
    select
        t1_0.name,
        t1_0.away_record,
        t1_0.goals,
        t1_0.goals_per_game,
        t1_0.home_record,
        t1_0.points_per_game,
        t1_0.record 
    from
        team_data t1_0 
    where
        t1_0.name=?
Hibernate: 
    select
        n1_0.team,
        n1_0.id,
        n1_0.body,
        n1_0.date,
        n1_0.summary,
        n1_0.title 
    from
        news_data n1_0 
    where
        n1_0.team=?
Hibernate: 
    select
        t1_0.name,
        t1_0.away_record,
        t1_0.goals,
        t1_0.goals_per_game,
        t1_0.home_record,
        t1_0.points_per_game,
        t1_0.record 
    from
        team_data t1_0 
    where
        t1_0.name=?
Hibernate: 
    select
        n1_0.team,
        n1_0.id,
        n1_0.body,
        n1_0.date,
        n1_0.summary,
        n1_0.title 
    from
        news_data n1_0 
    where
        n1_0.team=?
Hibernate: 
    select
        t1_0.name,
        t1_0.away_record,
        t1_0.goals,
        t1_0.goals_per_game,
        t1_0.home_record,
        t1_0.points_per_game,
        t1_0.record 
    from
        team_data t1_0 
    where
        t1_0.name=?
Hibernate: 
    select
        n1_0.team,
        n1_0.id,
        n1_0.body,
        n1_0.date,
        n1_0.summary,
        n1_0.title 
    from
        news_data n1_0 
    where
        n1_0.team=?
Hibernate: 
    select
        t1_0.name,
        t1_0.away_record,
        t1_0.goals,
        t1_0.goals_per_game,
        t1_0.home_record,
        t1_0.points_per_game,
        t1_0.record 
    from
        team_data t1_0 
    where
        t1_0.name=?
Hibernate: 
    select
        n1_0.team,
        n1_0.id,
        n1_0.body,
        n1_0.date,
        n1_0.summary,
        n1_0.title 
    from
        news_data n1_0 
    where
        n1_0.team=?
Hibernate: 
    select
        t1_0.name,
        t1_0.away_record,
        t1_0.goals,
        t1_0.goals_per_game,
        t1_0.home_record,
        t1_0.points_per_game,
        t1_0.record 
    from
        team_data t1_0 
    where
        t1_0.name=?
Hibernate: 
    select
        n1_0.team,
        n1_0.id,
        n1_0.body,
        n1_0.date,
        n1_0.summary,
        n1_0.title 
    from
        news_data n1_0 
    where
        n1_0.team=?
Hibernate: 
    select
        t1_0.name,
        t1_0.away_record,
        t1_0.goals,
        t1_0.goals_per_game,
        t1_0.home_record,
        t1_0.points_per_game,
        t1_0.record 
    from
        team_data t1_0 
    where
        t1_0.name=?
Hibernate: 
    select
        n1_0.team,
        n1_0.id,
        n1_0.body,
        n1_0.date,
        n1_0.summary,
        n1_0.title 
    from
        news_data n1_0 
    where
        n1_0.team=?
Hibernate: 
    select
        t1_0.name,
        t1_0.away_record,
        t1_0.goals,
        t1_0.goals_per_game,
        t1_0.home_record,
        t1_0.points_per_game,
        t1_0.record 
    from
        team_data t1_0 
    where
        t1_0.name=?
Hibernate: 
    select
        n1_0.team,
        n1_0.id,
        n1_0.body,
        n1_0.date,
        n1_0.summary,
        n1_0.title 
    from
        news_data n1_0 
    where
        n1_0.team=?
Hibernate: 
    select
        t1_0.name,
        t1_0.away_record,
        t1_0.goals,
        t1_0.goals_per_game,
        t1_0.home_record,
        t1_0.points_per_game,
        t1_0.record 
    from
        team_data t1_0 
    where
        t1_0.name=?
Hibernate: 
    select
        n1_0.team,
        n1_0.id,
        n1_0.body,
        n1_0.date,
        n1_0.summary,
        n1_0.title 
    from
        news_data n1_0 
    where
        n1_0.team=?
Hibernate: 
    select
        t1_0.name,
        t1_0.away_record,
        t1_0.goals,
        t1_0.goals_per_game,
        t1_0.home_record,
        t1_0.points_per_game,
        t1_0.record 
    from
        team_data t1_0 
    where
        t1_0.name=?
Hibernate: 
    select
        n1_0.team,
        n1_0.id,
        n1_0.body,
        n1_0.date,
        n1_0.summary,
        n1_0.title 
    from
        news_data n1_0 
    where
        n1_0.team=?
Hibernate: 
    select
        t1_0.name,
        t1_0.away_record,
        t1_0.goals,
        t1_0.goals_per_game,
        t1_0.home_record,
        t1_0.points_per_game,
        t1_0.record 
    from
        team_data t1_0 
    where
        t1_0.name=?
Hibernate: 
    select
        n1_0.team,
        n1_0.id,
        n1_0.body,
        n1_0.date,
        n1_0.summary,
        n1_0.title 
    from
        news_data n1_0 
    where
        n1_0.team=?
Hibernate: 
    select
        t1_0.name,
        t1_0.away_record,
        t1_0.goals,
        t1_0.goals_per_game,
        t1_0.home_record,
        t1_0.points_per_game,
        t1_0.record 
    from
        team_data t1_0 
    where
        t1_0.name=?
Hibernate: 
    select
        n1_0.team,
        n1_0.id,
        n1_0.body,
        n1_0.date,
        n1_0.summary,
        n1_0.title 
    from
        news_data n1_0 
    where
        n1_0.team=?
Hibernate: 
    select
        t1_0.name,
        t1_0.away_record,
        t1_0.goals,
        t1_0.goals_per_game,
        t1_0.home_record,
        t1_0.points_per_game,
        t1_0.record 
    from
        team_data t1_0 
    where
        t1_0.name=?
Hibernate: 
    select
        n1_0.team,
        n1_0.id,
        n1_0.body,
        n1_0.date,
        n1_0.summary,
        n1_0.title 
    from
        news_data n1_0 
    where
        n1_0.team=?
Hibernate: 
    select
        t1_0.name,
        t1_0.away_record,
        t1_0.goals,
        t1_0.goals_per_game,
        t1_0.home_record,
        t1_0.points_per_game,
        t1_0.record 
    from
        team_data t1_0 
    where
        t1_0.name=?
Hibernate: 
    select
        n1_0.team,
        n1_0.id,
        n1_0.body,
        n1_0.date,
        n1_0.summary,
        n1_0.title 
    from
        news_data n1_0 
    where
        n1_0.team=?
Hibernate: 
    select
        t1_0.name,
        t1_0.away_record,
        t1_0.goals,
        t1_0.goals_per_game,
        t1_0.home_record,
        t1_0.points_per_game,
        t1_0.record 
    from
        team_data t1_0 
    where
        t1_0.name=?
Hibernate: 
    select
        n1_0.team,
        n1_0.id,
        n1_0.body,
        n1_0.date,
        n1_0.summary,
        n1_0.title 
    from
        news_data n1_0 
    where
        n1_0.team=?
Hibernate: 
    select
        t1_0.name,
        t1_0.away_record,
        t1_0.goals,
        t1_0.goals_per_game,
        t1_0.home_record,
        t1_0.points_per_game,
        t1_0.record 
    from
        team_data t1_0 
    where
        t1_0.name=?
Hibernate: 
    select
        n1_0.team,
        n1_0.id,
        n1_0.body,
        n1_0.date,
        n1_0.summary,
        n1_0.title 
    from
        news_data n1_0 
    where
        n1_0.team=?
Hibernate: 
    select
        t1_0.name,
        t1_0.away_record,
        t1_0.goals,
        t1_0.goals_per_game,
        t1_0.home_record,
        t1_0.points_per_game,
        t1_0.record 
    from
        team_data t1_0 
    where
        t1_0.name=?
Hibernate: 
    select
        n1_0.team,
        n1_0.id,
        n1_0.body,
        n1_0.date,
        n1_0.summary,
        n1_0.title 
    from
        news_data n1_0 
    where
        n1_0.team=?
Hibernate: 
    select
        t1_0.name,
        t1_0.away_record,
        t1_0.goals,
        t1_0.goals_per_game,
        t1_0.home_record,
        t1_0.points_per_game,
        t1_0.record 
    from
        team_data t1_0 
    where
        t1_0.name=?
Hibernate: 
    select
        n1_0.team,
        n1_0.id,
        n1_0.body,
        n1_0.date,
        n1_0.summary,
        n1_0.title 
    from
        news_data n1_0 
    where
        n1_0.team=?
Hibernate: 
    select
        t1_0.name,
        t1_0.away_record,
        t1_0.goals,
        t1_0.goals_per_game,
        t1_0.home_record,
        t1_0.points_per_game,
        t1_0.record 
    from
        team_data t1_0 
    where
        t1_0.name=?
Hibernate: 
    select
        n1_0.team,
        n1_0.id,
        n1_0.body,
        n1_0.date,
        n1_0.summary,
        n1_0.title 
    from
        news_data n1_0 
    where
        n1_0.team=?
Hibernate: 
    select
        t1_0.name,
        t1_0.away_record,
        t1_0.goals,
        t1_0.goals_per_game,
        t1_0.home_record,
        t1_0.points_per_game,
        t1_0.record 
    from
        team_data t1_0 
    where
        t1_0.name=?
Hibernate: 
    select
        n1_0.team,
        n1_0.id,
        n1_0.body,
        n1_0.date,
        n1_0.summary,
        n1_0.title 
    from
        news_data n1_0 
    where
        n1_0.team=?
Hibernate: 
    select
        t1_0.name,
        t1_0.away_record,
        t1_0.goals,
        t1_0.goals_per_game,
        t1_0.home_record,
        t1_0.points_per_game,
        t1_0.record 
    from
        team_data t1_0 
    where
        t1_0.name=?
Hibernate: 
    select
        n1_0.team,
        n1_0.id,
        n1_0.body,
        n1_0.date,
        n1_0.summary,
        n1_0.title 
    from
        news_data n1_0 
    where
        n1_0.team=?
Hibernate: 
    select
        t1_0.name,
        t1_0.away_record,
        t1_0.goals,
        t1_0.goals_per_game,
        t1_0.home_record,
        t1_0.points_per_game,
        t1_0.record 
    from
        team_data t1_0 
    where
        t1_0.name=?
Hibernate: 
    select
        n1_0.team,
        n1_0.id,
        n1_0.body,
        n1_0.date,
        n1_0.summary,
        n1_0.title 
    from
        news_data n1_0 
    where
        n1_0.team=?
Hibernate: 
    select
        t1_0.name,
        t1_0.away_record,
        t1_0.goals,
        t1_0.goals_per_game,
        t1_0.home_record,
        t1_0.points_per_game,
        t1_0.record 
    from
        team_data t1_0 
    where
        t1_0.name=?
Hibernate: 
    select
        n1_0.team,
        n1_0.id,
        n1_0.body,
        n1_0.date,
        n1_0.summary,
        n1_0.title 
    from
        news_data n1_0 
    where
        n1_0.team=?
Hibernate: 
    select
        t1_0.name,
        t1_0.away_record,
        t1_0.goals,
        t1_0.goals_per_game,
        t1_0.home_record,
        t1_0.points_per_game,
        t1_0.record 
    from
        team_data t1_0 
    where
        t1_0.name=?
Hibernate: 
    select
        n1_0.team,
        n1_0.id,
        n1_0.body,
        n1_0.date,
        n1_0.summary,
        n1_0.title 
    from
        news_data n1_0 
    where
        n1_0.team=?
Hibernate: 
    select
        t1_0.name,
        t1_0.away_record,
        t1_0.goals,
        t1_0.goals_per_game,
        t1_0.home_record,
        t1_0.points_per_game,
        t1_0.record 
    from
        team_data t1_0 
    where
        t1_0.name=?
Hibernate: 
    select
        n1_0.team,
        n1_0.id,
        n1_0.body,
        n1_0.date,
        n1_0.summary,
        n1_0.title 
    from
        news_data n1_0 
    where
        n1_0.team=?
Hibernate: 
    select
        t1_0.name,
        t1_0.away_record,
        t1_0.goals,
        t1_0.goals_per_game,
        t1_0.home_record,
        t1_0.points_per_game,
        t1_0.record 
    from
        team_data t1_0 
    where
        t1_0.name=?
Hibernate: 
    select
        n1_0.team,
        n1_0.id,
        n1_0.body,
        n1_0.date,
        n1_0.summary,
        n1_0.title 
    from
        news_data n1_0 
    where
        n1_0.team=?
Hibernate: 
    select
        t1_0.name,
        t1_0.away_record,
        t1_0.goals,
        t1_0.goals_per_game,
        t1_0.home_record,
        t1_0.points_per_game,
        t1_0.record 
    from
        team_data t1_0 
    where
        t1_0.name=?
Hibernate: 
    select
        n1_0.team,
        n1_0.id,
        n1_0.body,
        n1_0.date,
        n1_0.summary,
        n1_0.title 
    from
        news_data n1_0 
    where
        n1_0.team=?
Hibernate: 
    select
        t1_0.name,
        t1_0.away_record,
        t1_0.goals,
        t1_0.goals_per_game,
        t1_0.home_record,
        t1_0.points_per_game,
        t1_0.record 
    from
        team_data t1_0 
    where
        t1_0.name=?
Hibernate: 
    select
        n1_0.team,
        n1_0.id,
        n1_0.body,
        n1_0.date,
        n1_0.summary,
        n1_0.title 
    from
        news_data n1_0 
    where
        n1_0.team=?
Hibernate: 
    select
        t1_0.name,
        t1_0.away_record,
        t1_0.goals,
        t1_0.goals_per_game,
        t1_0.home_record,
        t1_0.points_per_game,
        t1_0.record 
    from
        team_data t1_0 
    where
        t1_0.name=?
Hibernate: 
    select
        n1_0.team,
        n1_0.id,
        n1_0.body,
        n1_0.date,
        n1_0.summary,
        n1_0.title 
    from
        news_data n1_0 
    where
        n1_0.team=?
Hibernate: 
    select
        t1_0.name,
        t1_0.away_record,
        t1_0.goals,
        t1_0.goals_per_game,
        t1_0.home_record,
        t1_0.points_per_game,
        t1_0.record 
    from
        team_data t1_0 
    where
        t1_0.name=?
Hibernate: 
    select
        n1_0.team,
        n1_0.id,
        n1_0.body,
        n1_0.date,
        n1_0.summary,
        n1_0.title 
    from
        news_data n1_0 
    where
        n1_0.team=?
Hibernate: 
    select
        t1_0.name,
        t1_0.away_record,
        t1_0.goals,
        t1_0.goals_per_game,
        t1_0.home_record,
        t1_0.points_per_game,
        t1_0.record 
    from
        team_data t1_0 
    where
        t1_0.name=?
Hibernate: 
    select
        n1_0.team,
        n1_0.id,
        n1_0.body,
        n1_0.date,
        n1_0.summary,
        n1_0.title 
    from
        news_data n1_0 
    where
        n1_0.team=?
Hibernate: 
    select
        t1_0.name,
        t1_0.away_record,
        t1_0.goals,
        t1_0.goals_per_game,
        t1_0.home_record,
        t1_0.points_per_game,
        t1_0.record 
    from
        team_data t1_0 
    where
        t1_0.name=?
Hibernate: 
    select
        n1_0.team,
        n1_0.id,
        n1_0.body,
        n1_0.date,
        n1_0.summary,
        n1_0.title 
    from
        news_data n1_0 
    where
        n1_0.team=?
Hibernate: 
    select
        t1_0.name,
        t1_0.away_record,
        t1_0.goals,
        t1_0.goals_per_game,
        t1_0.home_record,
        t1_0.points_per_game,
        t1_0.record 
    from
        team_data t1_0 
    where
        t1_0.name=?
Hibernate: 
    select
        n1_0.team,
        n1_0.id,
        n1_0.body,
        n1_0.date,
        n1_0.summary,
        n1_0.title 
    from
        news_data n1_0 
    where
        n1_0.team=?
Hibernate: 
    select
        t1_0.name,
        t1_0.away_record,
        t1_0.goals,
        t1_0.goals_per_game,
        t1_0.home_record,
        t1_0.points_per_game,
        t1_0.record 
    from
        team_data t1_0 
    where
        t1_0.name=?
Hibernate: 
    select
        n1_0.team,
        n1_0.id,
        n1_0.body,
        n1_0.date,
        n1_0.summary,
        n1_0.title 
    from
        news_data n1_0 
    where
        n1_0.team=?
Hibernate: 
    select
        t1_0.name,
        t1_0.away_record,
        t1_0.goals,
        t1_0.goals_per_game,
        t1_0.home_record,
        t1_0.points_per_game,
        t1_0.record 
    from
        team_data t1_0 
    where
        t1_0.name=?
Hibernate: 
    select
        n1_0.team,
        n1_0.id,
        n1_0.body,
        n1_0.date,
        n1_0.summary,
        n1_0.title 
    from
        news_data n1_0 
    where
        n1_0.team=?
Hibernate: 
    select
        t1_0.name,
        t1_0.away_record,
        t1_0.goals,
        t1_0.goals_per_game,
        t1_0.home_record,
        t1_0.points_per_game,
        t1_0.record 
    from
        team_data t1_0 
    where
        t1_0.name=?
Hibernate: 
    select
        n1_0.team,
        n1_0.id,
        n1_0.body,
        n1_0.date,
        n1_0.summary,
        n1_0.title 
    from
        news_data n1_0 
    where
        n1_0.team=?
Hibernate: 
    select
        t1_0.name,
        t1_0.away_record,
        t1_0.goals,
        t1_0.goals_per_game,
        t1_0.home_record,
        t1_0.points_per_game,
        t1_0.record 
    from
        team_data t1_0 
    where
        t1_0.name=?
Hibernate: 
    select
        n1_0.team,
        n1_0.id,
        n1_0.body,
        n1_0.date,
        n1_0.summary,
        n1_0.title 
    from
        news_data n1_0 
    where
        n1_0.team=?
Hibernate: 
    select
        t1_0.name,
        t1_0.away_record,
        t1_0.goals,
        t1_0.goals_per_game,
        t1_0.home_record,
        t1_0.points_per_game,
        t1_0.record 
    from
        team_data t1_0 
    where
        t1_0.name=?
Hibernate: 
    select
        n1_0.team,
        n1_0.id,
        n1_0.body,
        n1_0.date,
        n1_0.summary,
        n1_0.title 
    from
        news_data n1_0 
    where
        n1_0.team=?
Hibernate: 
    select
        t1_0.name,
        t1_0.away_record,
        t1_0.goals,
        t1_0.goals_per_game,
        t1_0.home_record,
        t1_0.points_per_game,
        t1_0.record 
    from
        team_data t1_0 
    where
        t1_0.name=?
Hibernate: 
    select
        n1_0.team,
        n1_0.id,
        n1_0.body,
        n1_0.date,
        n1_0.summary,
        n1_0.title 
    from
        news_data n1_0 
    where
        n1_0.team=?
Hibernate: 
    select
        t1_0.name,
        t1_0.away_record,
        t1_0.goals,
        t1_0.goals_per_game,
        t1_0.home_record,
        t1_0.points_per_game,
        t1_0.record 
    from
        team_data t1_0 
    where
        t1_0.name=?
Hibernate: 
    select
        n1_0.team,
        n1_0.id,
        n1_0.body,
        n1_0.date,
        n1_0.summary,
        n1_0.title 
    from
        news_data n1_0 
    where
        n1_0.team=?
Hibernate: 
    select
        t1_0.name,
        t1_0.away_record,
        t1_0.goals,
        t1_0.goals_per_game,
        t1_0.home_record,
        t1_0.points_per_game,
        t1_0.record 
    from
        team_data t1_0 
    where
        t1_0.name=?
Hibernate: 
    select
        n1_0.team,
        n1_0.id,
        n1_0.body,
        n1_0.date,
        n1_0.summary,
        n1_0.title 
    from
        news_data n1_0 
    where
        n1_0.team=?
Hibernate: 
    select
        t1_0.name,
        t1_0.away_record,
        t1_0.goals,
        t1_0.goals_per_game,
        t1_0.home_record,
        t1_0.points_per_game,
        t1_0.record 
    from
        team_data t1_0 
    where
        t1_0.name=?
Hibernate: 
    select
        n1_0.team,
        n1_0.id,
        n1_0.body,
        n1_0.date,
        n1_0.summary,
        n1_0.title 
    from
        news_data n1_0 
    where
        n1_0.team=?
Hibernate: 
    select
        t1_0.name,
        t1_0.away_record,
        t1_0.goals,
        t1_0.goals_per_game,
        t1_0.home_record,
        t1_0.points_per_game,
        t1_0.record 
    from
        team_data t1_0 
    where
        t1_0.name=?
Hibernate: 
    select
        n1_0.team,
        n1_0.id,
        n1_0.body,
        n1_0.date,
        n1_0.summary,
        n1_0.title 
    from
        news_data n1_0 
    where
        n1_0.team=?
Hibernate: 
    select
        t1_0.name,
        t1_0.away_record,
        t1_0.goals,
        t1_0.goals_per_game,
        t1_0.home_record,
        t1_0.points_per_game,
        t1_0.record 
    from
        team_data t1_0 
    where
        t1_0.name=?
Hibernate: 
    select
        n1_0.team,
        n1_0.id,
        n1_0.body,
        n1_0.date,
        n1_0.summary,
        n1_0.title 
    from
        news_data n1_0 
    where
        n1_0.team=?
Hibernate: 
    select
        t1_0.name,
        t1_0.away_record,
        t1_0.goals,
        t1_0.goals_per_game,
        t1_0.home_record,
        t1_0.points_per_game,
        t1_0.record 
    from
        team_data t1_0 
    where
        t1_0.name=?
Hibernate: 
    select
        n1_0.team,
        n1_0.id,
        n1_0.body,
        n1_0.date,
        n1_0.summary,
        n1_0.title 
    from
        news_data n1_0 
    where
        n1_0.team=?
Hibernate: 
    select
        t1_0.name,
        t1_0.away_record,
        t1_0.goals,
        t1_0.goals_per_game,
        t1_0.home_record,
        t1_0.points_per_game,
        t1_0.record 
    from
        team_data t1_0 
    where
        t1_0.name=?
Hibernate: 
    select
        n1_0.team,
        n1_0.id,
        n1_0.body,
        n1_0.date,
        n1_0.summary,
        n1_0.title 
    from
        news_data n1_0 
    where
        n1_0.team=?
Hibernate: 
    select
        t1_0.name,
        t1_0.away_record,
        t1_0.goals,
        t1_0.goals_per_game,
        t1_0.home_record,
        t1_0.points_per_game,
        t1_0.record 
    from
        team_data t1_0 
    where
        t1_0.name=?
Hibernate: 
    select
        n1_0.team,
        n1_0.id,
        n1_0.body,
        n1_0.date,
        n1_0.summary,
        n1_0.title 
    from
        news_data n1_0 
    where
        n1_0.team=?
Hibernate: 
    select
        t1_0.name,
        t1_0.away_record,
        t1_0.goals,
        t1_0.goals_per_game,
        t1_0.home_record,
        t1_0.points_per_game,
        t1_0.record 
    from
        team_data t1_0 
    where
        t1_0.name=?
Hibernate: 
    select
        n1_0.team,
        n1_0.id,
        n1_0.body,
        n1_0.date,
        n1_0.summary,
        n1_0.title 
    from
        news_data n1_0 
    where
        n1_0.team=?
Hibernate: 
    select
        t1_0.name,
        t1_0.away_record,
        t1_0.goals,
        t1_0.goals_per_game,
        t1_0.home_record,
        t1_0.points_per_game,
        t1_0.record 
    from
        team_data t1_0 
    where
        t1_0.name=?
Hibernate: 
    select
        n1_0.team,
        n1_0.id,
        n1_0.body,
        n1_0.date,
        n1_0.summary,
        n1_0.title 
    from
        news_data n1_0 
    where
        n1_0.team=?
Hibernate: 
    select
        t1_0.name,
        t1_0.away_record,
        t1_0.goals,
        t1_0.goals_per_game,
        t1_0.home_record,
        t1_0.points_per_game,
        t1_0.record 
    from
        team_data t1_0 
    where
        t1_0.name=?
Hibernate: 
    select
        n1_0.team,
        n1_0.id,
        n1_0.body,
        n1_0.date,
        n1_0.summary,
        n1_0.title 
    from
        news_data n1_0 
    where
        n1_0.team=?
Hibernate: 
    select
        t1_0.name,
        t1_0.away_record,
        t1_0.goals,
        t1_0.goals_per_game,
        t1_0.home_record,
        t1_0.points_per_game,
        t1_0.record 
    from
        team_data t1_0 
    where
        t1_0.name=?
Hibernate: 
    select
        n1_0.team,
        n1_0.id,
        n1_0.body,
        n1_0.date,
        n1_0.summary,
        n1_0.title 
    from
        news_data n1_0 
    where
        n1_0.team=?
Hibernate: 
    select
        t1_0.name,
        t1_0.away_record,
        t1_0.goals,
        t1_0.goals_per_game,
        t1_0.home_record,
        t1_0.points_per_game,
        t1_0.record 
    from
        team_data t1_0 
    where
        t1_0.name=?
Hibernate: 
    select
        n1_0.team,
        n1_0.id,
        n1_0.body,
        n1_0.date,
        n1_0.summary,
        n1_0.title 
    from
        news_data n1_0 
    where
        n1_0.team=?
Hibernate: 
    select
        t1_0.name,
        t1_0.away_record,
        t1_0.goals,
        t1_0.goals_per_game,
        t1_0.home_record,
        t1_0.points_per_game,
        t1_0.record 
    from
        team_data t1_0 
    where
        t1_0.name=?
Hibernate: 
    select
        n1_0.team,
        n1_0.id,
        n1_0.body,
        n1_0.date,
        n1_0.summary,
        n1_0.title 
    from
        news_data n1_0 
    where
        n1_0.team=?
Hibernate: 
    select
        t1_0.name,
        t1_0.away_record,
        t1_0.goals,
        t1_0.goals_per_game,
        t1_0.home_record,
        t1_0.points_per_game,
        t1_0.record 
    from
        team_data t1_0 
    where
        t1_0.name=?
Hibernate: 
    select
        n1_0.team,
        n1_0.id,
        n1_0.body,
        n1_0.date,
        n1_0.summary,
        n1_0.title 
    from
        news_data n1_0 
    where
        n1_0.team=?
Hibernate: 
    select
        t1_0.name,
        t1_0.away_record,
        t1_0.goals,
        t1_0.goals_per_game,
        t1_0.home_record,
        t1_0.points_per_game,
        t1_0.record 
    from
        team_data t1_0 
    where
        t1_0.name=?
Hibernate: 
    select
        n1_0.team,
        n1_0.id,
        n1_0.body,
        n1_0.date,
        n1_0.summary,
        n1_0.title 
    from
        news_data n1_0 
    where
        n1_0.team=?
Hibernate: 
    select
        t1_0.name,
        t1_0.away_record,
        t1_0.goals,
        t1_0.goals_per_game,
        t1_0.home_record,
        t1_0.points_per_game,
        t1_0.record 
    from
        team_data t1_0 
    where
        t1_0.name=?
Hibernate: 
    select
        n1_0.team,
        n1_0.id,
        n1_0.body,
        n1_0.date,
        n1_0.summary,
        n1_0.title 
    from
        news_data n1_0 
    where
        n1_0.team=?
Hibernate: 
    select
        t1_0.name,
        t1_0.away_record,
        t1_0.goals,
        t1_0.goals_per_game,
        t1_0.home_record,
        t1_0.points_per_game,
        t1_0.record 
    from
        team_data t1_0 
    where
        t1_0.name=?
Hibernate: 
    select
        n1_0.team,
        n1_0.id,
        n1_0.body,
        n1_0.date,
        n1_0.summary,
        n1_0.title 
    from
        news_data n1_0 
    where
        n1_0.team=?
Hibernate: 
    select
        t1_0.name,
        t1_0.away_record,
        t1_0.goals,
        t1_0.goals_per_game,
        t1_0.home_record,
        t1_0.points_per_game,
        t1_0.record 
    from
        team_data t1_0 
    where
        t1_0.name=?
Hibernate: 
    select
        n1_0.team,
        n1_0.id,
        n1_0.body,
        n1_0.date,
        n1_0.summary,
        n1_0.title 
    from
        news_data n1_0 
    where
        n1_0.team=?
Hibernate: 
    select
        t1_0.name,
        t1_0.away_record,
        t1_0.goals,
        t1_0.goals_per_game,
        t1_0.home_record,
        t1_0.points_per_game,
        t1_0.record 
    from
        team_data t1_0 
    where
        t1_0.name=?
Hibernate: 
    select
        n1_0.team,
        n1_0.id,
        n1_0.body,
        n1_0.date,
        n1_0.summary,
        n1_0.title 
    from
        news_data n1_0 
    where
        n1_0.team=?
Hibernate: 
    select
        t1_0.name,
        t1_0.away_record,
        t1_0.goals,
        t1_0.goals_per_game,
        t1_0.home_record,
        t1_0.points_per_game,
        t1_0.record 
    from
        team_data t1_0 
    where
        t1_0.name=?
Hibernate: 
    select
        n1_0.team,
        n1_0.id,
        n1_0.body,
        n1_0.date,
        n1_0.summary,
        n1_0.title 
    from
        news_data n1_0 
    where
        n1_0.team=?
Hibernate: 
    select
        t1_0.name,
        t1_0.away_record,
        t1_0.goals,
        t1_0.goals_per_game,
        t1_0.home_record,
        t1_0.points_per_game,
        t1_0.record 
    from
        team_data t1_0 
    where
        t1_0.name=?
Hibernate: 
    select
        n1_0.team,
        n1_0.id,
        n1_0.body,
        n1_0.date,
        n1_0.summary,
        n1_0.title 
    from
        news_data n1_0 
    where
        n1_0.team=?
Hibernate: 
    select
        t1_0.name,
        t1_0.away_record,
        t1_0.goals,
        t1_0.goals_per_game,
        t1_0.home_record,
        t1_0.points_per_game,
        t1_0.record 
    from
        team_data t1_0 
    where
        t1_0.name=?
Hibernate: 
    select
        n1_0.team,
        n1_0.id,
        n1_0.body,
        n1_0.date,
        n1_0.summary,
        n1_0.title 
    from
        news_data n1_0 
    where
        n1_0.team=?
Hibernate: 
    select
        t1_0.name,
        t1_0.away_record,
        t1_0.goals,
        t1_0.goals_per_game,
        t1_0.home_record,
        t1_0.points_per_game,
        t1_0.record 
    from
        team_data t1_0 
    where
        t1_0.name=?
Hibernate: 
    select
        n1_0.team,
        n1_0.id,
        n1_0.body,
        n1_0.date,
        n1_0.summary,
        n1_0.title 
    from
        news_data n1_0 
    where
        n1_0.team=?
Hibernate: 
    select
        t1_0.name,
        t1_0.away_record,
        t1_0.goals,
        t1_0.goals_per_game,
        t1_0.home_record,
        t1_0.points_per_game,
        t1_0.record 
    from
        team_data t1_0 
    where
        t1_0.name=?
Hibernate: 
    select
        n1_0.team,
        n1_0.id,
        n1_0.body,
        n1_0.date,
        n1_0.summary,
        n1_0.title 
    from
        news_data n1_0 
    where
        n1_0.team=?
Hibernate: 
    select
        t1_0.name,
        t1_0.away_record,
        t1_0.goals,
        t1_0.goals_per_game,
        t1_0.home_record,
        t1_0.points_per_game,
        t1_0.record 
    from
        team_data t1_0 
    where
        t1_0.name=?
Hibernate: 
    select
        n1_0.team,
        n1_0.id,
        n1_0.body,
        n1_0.date,
        n1_0.summary,
        n1_0.title 
    from
        news_data n1_0 
    where
        n1_0.team=?
Hibernate: 
    select
        t1_0.name,
        t1_0.away_record,
        t1_0.goals,
        t1_0.goals_per_game,
        t1_0.home_record,
        t1_0.points_per_game,
        t1_0.record 
    from
        team_data t1_0 
    where
        t1_0.name=?
Hibernate: 
    select
        n1_0.team,
        n1_0.id,
        n1_0.body,
        n1_0.date,
        n1_0.summary,
        n1_0.title 
    from
        news_data n1_0 
    where
        n1_0.team=?
Hibernate: 
    select
        t1_0.name,
        t1_0.away_record,
        t1_0.goals,
        t1_0.goals_per_game,
        t1_0.home_record,
        t1_0.points_per_game,
        t1_0.record 
    from
        team_data t1_0 
    where
        t1_0.name=?
Hibernate: 
    select
        n1_0.team,
        n1_0.id,
        n1_0.body,
        n1_0.date,
        n1_0.summary,
        n1_0.title 
    from
        news_data n1_0 
    where
        n1_0.team=?
Hibernate: 
    select
        t1_0.name,
        t1_0.away_record,
        t1_0.goals,
        t1_0.goals_per_game,
        t1_0.home_record,
        t1_0.points_per_game,
        t1_0.record 
    from
        team_data t1_0 
    where
        t1_0.name=?
Hibernate: 
    select
        n1_0.team,
        n1_0.id,
        n1_0.body,
        n1_0.date,
        n1_0.summary,
        n1_0.title 
    from
        news_data n1_0 
    where
        n1_0.team=?
Hibernate: 
    select
        t1_0.name,
        t1_0.away_record,
        t1_0.goals,
        t1_0.goals_per_game,
        t1_0.home_record,
        t1_0.points_per_game,
        t1_0.record 
    from
        team_data t1_0 
    where
        t1_0.name=?
Hibernate: 
    select
        n1_0.team,
        n1_0.id,
        n1_0.body,
        n1_0.date,
        n1_0.summary,
        n1_0.title 
    from
        news_data n1_0 
    where
        n1_0.team=?
Hibernate: 
    select
        t1_0.name,
        t1_0.away_record,
        t1_0.goals,
        t1_0.goals_per_game,
        t1_0.home_record,
        t1_0.points_per_game,
        t1_0.record 
    from
        team_data t1_0 
    where
        t1_0.name=?
Hibernate: 
    select
        n1_0.team,
        n1_0.id,
        n1_0.body,
        n1_0.date,
        n1_0.summary,
        n1_0.title 
    from
        news_data n1_0 
    where
        n1_0.team=?
Hibernate: 
    select
        t1_0.name,
        t1_0.away_record,
        t1_0.goals,
        t1_0.goals_per_game,
        t1_0.home_record,
        t1_0.points_per_game,
        t1_0.record 
    from
        team_data t1_0 
    where
        t1_0.name=?
Hibernate: 
    select
        n1_0.team,
        n1_0.id,
        n1_0.body,
        n1_0.date,
        n1_0.summary,
        n1_0.title 
    from
        news_data n1_0 
    where
        n1_0.team=?
Hibernate: 
    select
        t1_0.name,
        t1_0.away_record,
        t1_0.goals,
        t1_0.goals_per_game,
        t1_0.home_record,
        t1_0.points_per_game,
        t1_0.record 
    from
        team_data t1_0 
    where
        t1_0.name=?
Hibernate: 
    select
        n1_0.team,
        n1_0.id,
        n1_0.body,
        n1_0.date,
        n1_0.summary,
        n1_0.title 
    from
        news_data n1_0 
    where
        n1_0.team=?
Hibernate: 
    select
        t1_0.name,
        t1_0.away_record,
        t1_0.goals,
        t1_0.goals_per_game,
        t1_0.home_record,
        t1_0.points_per_game,
        t1_0.record 
    from
        team_data t1_0 
    where
        t1_0.name=?
Hibernate: 
    select
        n1_0.team,
        n1_0.id,
        n1_0.body,
        n1_0.date,
        n1_0.summary,
        n1_0.title 
    from
        news_data n1_0 
    where
        n1_0.team=?
Hibernate: 
    select
        t1_0.name,
        t1_0.away_record,
        t1_0.goals,
        t1_0.goals_per_game,
        t1_0.home_record,
        t1_0.points_per_game,
        t1_0.record 
    from
        team_data t1_0 
    where
        t1_0.name=?
Hibernate: 
    select
        n1_0.team,
        n1_0.id,
        n1_0.body,
        n1_0.date,
        n1_0.summary,
        n1_0.title 
    from
        news_data n1_0 
    where
        n1_0.team=?
Hibernate: 
    select
        t1_0.name,
        t1_0.away_record,
        t1_0.goals,
        t1_0.goals_per_game,
        t1_0.home_record,
        t1_0.points_per_game,
        t1_0.record 
    from
        team_data t1_0 
    where
        t1_0.name=?
Hibernate: 
    select
        n1_0.team,
        n1_0.id,
        n1_0.body,
        n1_0.date,
        n1_0.summary,
        n1_0.title 
    from
        news_data n1_0 
    where
        n1_0.team=?
Hibernate: 
    select
        t1_0.name,
        t1_0.away_record,
        t1_0.goals,
        t1_0.goals_per_game,
        t1_0.home_record,
        t1_0.points_per_game,
        t1_0.record 
    from
        team_data t1_0 
    where
        t1_0.name=?
Hibernate: 
    select
        n1_0.team,
        n1_0.id,
        n1_0.body,
        n1_0.date,
        n1_0.summary,
        n1_0.title 
    from
        news_data n1_0 
    where
        n1_0.team=?
Hibernate: 
    select
        t1_0.name,
        t1_0.away_record,
        t1_0.goals,
        t1_0.goals_per_game,
        t1_0.home_record,
        t1_0.points_per_game,
        t1_0.record 
    from
        team_data t1_0 
    where
        t1_0.name=?
Hibernate: 
    select
        n1_0.team,
        n1_0.id,
        n1_0.body,
        n1_0.date,
        n1_0.summary,
        n1_0.title 
    from
        news_data n1_0 
    where
        n1_0.team=?
Hibernate: 
    select
        t1_0.name,
        t1_0.away_record,
        t1_0.goals,
        t1_0.goals_per_game,
        t1_0.home_record,
        t1_0.points_per_game,
        t1_0.record 
    from
        team_data t1_0 
    where
        t1_0.name=?
Hibernate: 
    select
        n1_0.team,
        n1_0.id,
        n1_0.body,
        n1_0.date,
        n1_0.summary,
        n1_0.title 
    from
        news_data n1_0 
    where
        n1_0.team=?
Hibernate: 
    select
        t1_0.name,
        t1_0.away_record,
        t1_0.goals,
        t1_0.goals_per_game,
        t1_0.home_record,
        t1_0.points_per_game,
        t1_0.record 
    from
        team_data t1_0 
    where
        t1_0.name=?
Hibernate: 
    select
        n1_0.team,
        n1_0.id,
        n1_0.body,
        n1_0.date,
        n1_0.summary,
        n1_0.title 
    from
        news_data n1_0 
    where
        n1_0.team=?
Hibernate: 
    select
        t1_0.name,
        t1_0.away_record,
        t1_0.goals,
        t1_0.goals_per_game,
        t1_0.home_record,
        t1_0.points_per_game,
        t1_0.record 
    from
        team_data t1_0 
    where
        t1_0.name=?
Hibernate: 
    select
        n1_0.team,
        n1_0.id,
        n1_0.body,
        n1_0.date,
        n1_0.summary,
        n1_0.title 
    from
        news_data n1_0 
    where
        n1_0.team=?
Hibernate: 
    select
        t1_0.name,
        t1_0.away_record,
        t1_0.goals,
        t1_0.goals_per_game,
        t1_0.home_record,
        t1_0.points_per_game,
        t1_0.record 
    from
        team_data t1_0 
    where
        t1_0.name=?
Hibernate: 
    select
        n1_0.team,
        n1_0.id,
        n1_0.body,
        n1_0.date,
        n1_0.summary,
        n1_0.title 
    from
        news_data n1_0 
    where
        n1_0.team=?
Hibernate: 
    select
        t1_0.name,
        t1_0.away_record,
        t1_0.goals,
        t1_0.goals_per_game,
        t1_0.home_record,
        t1_0.points_per_game,
        t1_0.record 
    from
        team_data t1_0 
    where
        t1_0.name=?
Hibernate: 
    select
        n1_0.team,
        n1_0.id,
        n1_0.body,
        n1_0.date,
        n1_0.summary,
        n1_0.title 
    from
        news_data n1_0 
    where
        n1_0.team=?
Hibernate: 
    select
        t1_0.name,
        t1_0.away_record,
        t1_0.goals,
        t1_0.goals_per_game,
        t1_0.home_record,
        t1_0.points_per_game,
        t1_0.record 
    from
        team_data t1_0 
    where
        t1_0.name=?
Hibernate: 
    select
        n1_0.team,
        n1_0.id,
        n1_0.body,
        n1_0.date,
        n1_0.summary,
        n1_0.title 
    from
        news_data n1_0 
    where
        n1_0.team=?
Hibernate: 
    select
        t1_0.name,
        t1_0.away_record,
        t1_0.goals,
        t1_0.goals_per_game,
        t1_0.home_record,
        t1_0.points_per_game,
        t1_0.record 
    from
        team_data t1_0 
    where
        t1_0.name=?
Hibernate: 
    select
        n1_0.team,
        n1_0.id,
        n1_0.body,
        n1_0.date,
        n1_0.summary,
        n1_0.title 
    from
        news_data n1_0 
    where
        n1_0.team=?
Hibernate: 
    select
        t1_0.name,
        t1_0.away_record,
        t1_0.goals,
        t1_0.goals_per_game,
        t1_0.home_record,
        t1_0.points_per_game,
        t1_0.record 
    from
        team_data t1_0 
    where
        t1_0.name=?
Hibernate: 
    select
        n1_0.team,
        n1_0.id,
        n1_0.body,
        n1_0.date,
        n1_0.summary,
        n1_0.title 
    from
        news_data n1_0 
    where
        n1_0.team=?
Hibernate: 
    select
        t1_0.name,
        t1_0.away_record,
        t1_0.goals,
        t1_0.goals_per_game,
        t1_0.home_record,
        t1_0.points_per_game,
        t1_0.record 
    from
        team_data t1_0 
    where
        t1_0.name=?
Hibernate: 
    select
        n1_0.team,
        n1_0.id,
        n1_0.body,
        n1_0.date,
        n1_0.summary,
        n1_0.title 
    from
        news_data n1_0 
    where
        n1_0.team=?
Hibernate: 
    select
        t1_0.name,
        t1_0.away_record,
        t1_0.goals,
        t1_0.goals_per_game,
        t1_0.home_record,
        t1_0.points_per_game,
        t1_0.record 
    from
        team_data t1_0 
    where
        t1_0.name=?
Hibernate: 
    select
        n1_0.team,
        n1_0.id,
        n1_0.body,
        n1_0.date,
        n1_0.summary,
        n1_0.title 
    from
        news_data n1_0 
    where
        n1_0.team=?
Hibernate: 
    select
        t1_0.name,
        t1_0.away_record,
        t1_0.goals,
        t1_0.goals_per_game,
        t1_0.home_record,
        t1_0.points_per_game,
        t1_0.record 
    from
        team_data t1_0 
    where
        t1_0.name=?
Hibernate: 
    select
        n1_0.team,
        n1_0.id,
        n1_0.body,
        n1_0.date,
        n1_0.summary,
        n1_0.title 
    from
        news_data n1_0 
    where
        n1_0.team=?
Hibernate: 
    select
        t1_0.name,
        t1_0.away_record,
        t1_0.goals,
        t1_0.goals_per_game,
        t1_0.home_record,
        t1_0.points_per_game,
        t1_0.record 
    from
        team_data t1_0 
    where
        t1_0.name=?
Hibernate: 
    select
        n1_0.team,
        n1_0.id,
        n1_0.body,
        n1_0.date,
        n1_0.summary,
        n1_0.title 
    from
        news_data n1_0 
    where
        n1_0.team=?
Hibernate: 
    select
        t1_0.name,
        t1_0.away_record,
        t1_0.goals,
        t1_0.goals_per_game,
        t1_0.home_record,
        t1_0.points_per_game,
        t1_0.record 
    from
        team_data t1_0 
    where
        t1_0.name=?
Hibernate: 
    select
        n1_0.team,
        n1_0.id,
        n1_0.body,
        n1_0.date,
        n1_0.summary,
        n1_0.title 
    from
        news_data n1_0 
    where
        n1_0.team=?
Hibernate: 
    select
        t1_0.name,
        t1_0.away_record,
        t1_0.goals,
        t1_0.goals_per_game,
        t1_0.home_record,
        t1_0.points_per_game,
        t1_0.record 
    from
        team_data t1_0 
    where
        t1_0.name=?
Hibernate: 
    select
        n1_0.team,
        n1_0.id,
        n1_0.body,
        n1_0.date,
        n1_0.summary,
        n1_0.title 
    from
        news_data n1_0 
    where
        n1_0.team=?
Hibernate: 
    select
        t1_0.name,
        t1_0.away_record,
        t1_0.goals,
        t1_0.goals_per_game,
        t1_0.home_record,
        t1_0.points_per_game,
        t1_0.record 
    from
        team_data t1_0 
    where
        t1_0.name=?
Hibernate: 
    select
        n1_0.team,
        n1_0.id,
        n1_0.body,
        n1_0.date,
        n1_0.summary,
        n1_0.title 
    from
        news_data n1_0 
    where
        n1_0.team=?
Hibernate: 
    select
        t1_0.name,
        t1_0.away_record,
        t1_0.goals,
        t1_0.goals_per_game,
        t1_0.home_record,
        t1_0.points_per_game,
        t1_0.record 
    from
        team_data t1_0 
    where
        t1_0.name=?
Hibernate: 
    select
        n1_0.team,
        n1_0.id,
        n1_0.body,
        n1_0.date,
        n1_0.summary,
        n1_0.title 
    from
        news_data n1_0 
    where
        n1_0.team=?
Hibernate: 
    select
        t1_0.name,
        t1_0.away_record,
        t1_0.goals,
        t1_0.goals_per_game,
        t1_0.home_record,
        t1_0.points_per_game,
        t1_0.record 
    from
        team_data t1_0 
    where
        t1_0.name=?
Hibernate: 
    select
        n1_0.team,
        n1_0.id,
        n1_0.body,
        n1_0.date,
        n1_0.summary,
        n1_0.title 
    from
        news_data n1_0 
    where
        n1_0.team=?
Hibernate: 
    select
        t1_0.name,
        t1_0.away_record,
        t1_0.goals,
        t1_0.goals_per_game,
        t1_0.home_record,
        t1_0.points_per_game,
        t1_0.record 
    from
        team_data t1_0 
    where
        t1_0.name=?
Hibernate: 
    select
        n1_0.team,
        n1_0.id,
        n1_0.body,
        n1_0.date,
        n1_0.summary,
        n1_0.title 
    from
        news_data n1_0 
    where
        n1_0.team=?
Hibernate: 
    select
        t1_0.name,
        t1_0.away_record,
        t1_0.goals,
        t1_0.goals_per_game,
        t1_0.home_record,
        t1_0.points_per_game,
        t1_0.record 
    from
        team_data t1_0 
    where
        t1_0.name=?
Hibernate: 
    select
        n1_0.team,
        n1_0.id,
        n1_0.body,
        n1_0.date,
        n1_0.summary,
        n1_0.title 
    from
        news_data n1_0 
    where
        n1_0.team=?
Hibernate: 
    select
        t1_0.name,
        t1_0.away_record,
        t1_0.goals,
        t1_0.goals_per_game,
        t1_0.home_record,
        t1_0.points_per_game,
        t1_0.record 
    from
        team_data t1_0 
    where
        t1_0.name=?
Hibernate: 
    select
        n1_0.team,
        n1_0.id,
        n1_0.body,
        n1_0.date,
        n1_0.summary,
        n1_0.title 
    from
        news_data n1_0 
    where
        n1_0.team=?
Hibernate: 
    select
        t1_0.name,
        t1_0.away_record,
        t1_0.goals,
        t1_0.goals_per_game,
        t1_0.home_record,
        t1_0.points_per_game,
        t1_0.record 
    from
        team_data t1_0 
    where
        t1_0.name=?
Hibernate: 
    select
        n1_0.team,
        n1_0.id,
        n1_0.body,
        n1_0.date,
        n1_0.summary,
        n1_0.title 
    from
        news_data n1_0 
    where
        n1_0.team=?
Hibernate: 
    select
        t1_0.name,
        t1_0.away_record,
        t1_0.goals,
        t1_0.goals_per_game,
        t1_0.home_record,
        t1_0.points_per_game,
        t1_0.record 
    from
        team_data t1_0 
    where
        t1_0.name=?
Hibernate: 
    select
        n1_0.team,
        n1_0.id,
        n1_0.body,
        n1_0.date,
        n1_0.summary,
        n1_0.title 
    from
        news_data n1_0 
    where
        n1_0.team=?
Hibernate: 
    select
        t1_0.name,
        t1_0.away_record,
        t1_0.goals,
        t1_0.goals_per_game,
        t1_0.home_record,
        t1_0.points_per_game,
        t1_0.record 
    from
        team_data t1_0 
    where
        t1_0.name=?
Hibernate: 
    select
        n1_0.team,
        n1_0.id,
        n1_0.body,
        n1_0.date,
        n1_0.summary,
        n1_0.title 
    from
        news_data n1_0 
    where
        n1_0.team=?
Hibernate: 
    select
        t1_0.name,
        t1_0.away_record,
        t1_0.goals,
        t1_0.goals_per_game,
        t1_0.home_record,
        t1_0.points_per_game,
        t1_0.record 
    from
        team_data t1_0 
    where
        t1_0.name=?
Hibernate: 
    select
        n1_0.team,
        n1_0.id,
        n1_0.body,
        n1_0.date,
        n1_0.summary,
        n1_0.title 
    from
        news_data n1_0 
    where
        n1_0.team=?
Hibernate: 
    select
        t1_0.name,
        t1_0.away_record,
        t1_0.goals,
        t1_0.goals_per_game,
        t1_0.home_record,
        t1_0.points_per_game,
        t1_0.record 
    from
        team_data t1_0 
    where
        t1_0.name=?
Hibernate: 
    select
        n1_0.team,
        n1_0.id,
        n1_0.body,
        n1_0.date,
        n1_0.summary,
        n1_0.title 
    from
        news_data n1_0 
    where
        n1_0.team=?
Hibernate: 
    select
        t1_0.name,
        t1_0.away_record,
        t1_0.goals,
        t1_0.goals_per_game,
        t1_0.home_record,
        t1_0.points_per_game,
        t1_0.record 
    from
        team_data t1_0 
    where
        t1_0.name=?
Hibernate: 
    select
        n1_0.team,
        n1_0.id,
        n1_0.body,
        n1_0.date,
        n1_0.summary,
        n1_0.title 
    from
        news_data n1_0 
    where
        n1_0.team=?
Hibernate: 
    select
        t1_0.name,
        t1_0.away_record,
        t1_0.goals,
        t1_0.goals_per_game,
        t1_0.home_record,
        t1_0.points_per_game,
        t1_0.record 
    from
        team_data t1_0 
    where
        t1_0.name=?
Hibernate: 
    select
        n1_0.team,
        n1_0.id,
        n1_0.body,
        n1_0.date,
        n1_0.summary,
        n1_0.title 
    from
        news_data n1_0 
    where
        n1_0.team=?
Hibernate: 
    select
        t1_0.name,
        t1_0.away_record,
        t1_0.goals,
        t1_0.goals_per_game,
        t1_0.home_record,
        t1_0.points_per_game,
        t1_0.record 
    from
        team_data t1_0 
    where
        t1_0.name=?
Hibernate: 
    select
        n1_0.team,
        n1_0.id,
        n1_0.body,
        n1_0.date,
        n1_0.summary,
        n1_0.title 
    from
        news_data n1_0 
    where
        n1_0.team=?
Hibernate: 
    select
        t1_0.name,
        t1_0.away_record,
        t1_0.goals,
        t1_0.goals_per_game,
        t1_0.home_record,
        t1_0.points_per_game,
        t1_0.record 
    from
        team_data t1_0 
    where
        t1_0.name=?
Hibernate: 
    select
        n1_0.team,
        n1_0.id,
        n1_0.body,
        n1_0.date,
        n1_0.summary,
        n1_0.title 
    from
        news_data n1_0 
    where
        n1_0.team=?
Hibernate: 
    select
        t1_0.name,
        t1_0.away_record,
        t1_0.goals,
        t1_0.goals_per_game,
        t1_0.home_record,
        t1_0.points_per_game,
        t1_0.record 
    from
        team_data t1_0 
    where
        t1_0.name=?
Hibernate: 
    select
        n1_0.team,
        n1_0.id,
        n1_0.body,
        n1_0.date,
        n1_0.summary,
        n1_0.title 
    from
        news_data n1_0 
    where
        n1_0.team=?
Hibernate: 
    select
        t1_0.name,
        t1_0.away_record,
        t1_0.goals,
        t1_0.goals_per_game,
        t1_0.home_record,
        t1_0.points_per_game,
        t1_0.record 
    from
        team_data t1_0 
    where
        t1_0.name=?
Hibernate: 
    select
        n1_0.team,
        n1_0.id,
        n1_0.body,
        n1_0.date,
        n1_0.summary,
        n1_0.title 
    from
        news_data n1_0 
    where
        n1_0.team=?
Hibernate: 
    select
        t1_0.name,
        t1_0.away_record,
        t1_0.goals,
        t1_0.goals_per_game,
        t1_0.home_record,
        t1_0.points_per_game,
        t1_0.record 
    from
        team_data t1_0 
    where
        t1_0.name=?
Hibernate: 
    select
        n1_0.team,
        n1_0.id,
        n1_0.body,
        n1_0.date,
        n1_0.summary,
        n1_0.title 
    from
        news_data n1_0 
    where
        n1_0.team=?
Hibernate: 
    select
        t1_0.name,
        t1_0.away_record,
        t1_0.goals,
        t1_0.goals_per_game,
        t1_0.home_record,
        t1_0.points_per_game,
        t1_0.record 
    from
        team_data t1_0 
    where
        t1_0.name=?
Hibernate: 
    select
        n1_0.team,
        n1_0.id,
        n1_0.body,
        n1_0.date,
        n1_0.summary,
        n1_0.title 
    from
        news_data n1_0 
    where
        n1_0.team=?
Hibernate: 
    select
        t1_0.name,
        t1_0.away_record,
        t1_0.goals,
        t1_0.goals_per_game,
        t1_0.home_record,
        t1_0.points_per_game,
        t1_0.record 
    from
        team_data t1_0 
    where
        t1_0.name=?
Hibernate: 
    select
        n1_0.team,
        n1_0.id,
        n1_0.body,
        n1_0.date,
        n1_0.summary,
        n1_0.title 
    from
        news_data n1_0 
    where
        n1_0.team=?
Hibernate: 
    select
        t1_0.name,
        t1_0.away_record,
        t1_0.goals,
        t1_0.goals_per_game,
        t1_0.home_record,
        t1_0.points_per_game,
        t1_0.record 
    from
        team_data t1_0 
    where
        t1_0.name=?
Hibernate: 
    select
        n1_0.team,
        n1_0.id,
        n1_0.body,
        n1_0.date,
        n1_0.summary,
        n1_0.title 
    from
        news_data n1_0 
    where
        n1_0.team=?
Hibernate: 
    select
        t1_0.name,
        t1_0.away_record,
        t1_0.goals,
        t1_0.goals_per_game,
        t1_0.home_record,
        t1_0.points_per_game,
        t1_0.record 
    from
        team_data t1_0 
    where
        t1_0.name=?
Hibernate: 
    select
        n1_0.team,
        n1_0.id,
        n1_0.body,
        n1_0.date,
        n1_0.summary,
        n1_0.title 
    from
        news_data n1_0 
    where
        n1_0.team=?
Hibernate: 
    select
        t1_0.name,
        t1_0.away_record,
        t1_0.goals,
        t1_0.goals_per_game,
        t1_0.home_record,
        t1_0.points_per_game,
        t1_0.record 
    from
        team_data t1_0 
    where
        t1_0.name=?
Hibernate: 
    select
        n1_0.team,
        n1_0.id,
        n1_0.body,
        n1_0.date,
        n1_0.summary,
        n1_0.title 
    from
        news_data n1_0 
    where
        n1_0.team=?
Hibernate: 
    select
        t1_0.name,
        t1_0.away_record,
        t1_0.goals,
        t1_0.goals_per_game,
        t1_0.home_record,
        t1_0.points_per_game,
        t1_0.record 
    from
        team_data t1_0 
    where
        t1_0.name=?
Hibernate: 
    select
        n1_0.team,
        n1_0.id,
        n1_0.body,
        n1_0.date,
        n1_0.summary,
        n1_0.title 
    from
        news_data n1_0 
    where
        n1_0.team=?
Hibernate: 
    select
        t1_0.name,
        t1_0.away_record,
        t1_0.goals,
        t1_0.goals_per_game,
        t1_0.home_record,
        t1_0.points_per_game,
        t1_0.record 
    from
        team_data t1_0 
    where
        t1_0.name=?
Hibernate: 
    select
        n1_0.team,
        n1_0.id,
        n1_0.body,
        n1_0.date,
        n1_0.summary,
        n1_0.title 
    from
        news_data n1_0 
    where
        n1_0.team=?
Hibernate: 
    select
        t1_0.name,
        t1_0.away_record,
        t1_0.goals,
        t1_0.goals_per_game,
        t1_0.home_record,
        t1_0.points_per_game,
        t1_0.record 
    from
        team_data t1_0 
    where
        t1_0.name=?
Hibernate: 
    select
        n1_0.team,
        n1_0.id,
        n1_0.body,
        n1_0.date,
        n1_0.summary,
        n1_0.title 
    from
        news_data n1_0 
    where
        n1_0.team=?
Hibernate: 
    select
        t1_0.name,
        t1_0.away_record,
        t1_0.goals,
        t1_0.goals_per_game,
        t1_0.home_record,
        t1_0.points_per_game,
        t1_0.record 
    from
        team_data t1_0 
    where
        t1_0.name=?
Hibernate: 
    select
        n1_0.team,
        n1_0.id,
        n1_0.body,
        n1_0.date,
        n1_0.summary,
        n1_0.title 
    from
        news_data n1_0 
    where
        n1_0.team=?
Hibernate: 
    select
        t1_0.name,
        t1_0.away_record,
        t1_0.goals,
        t1_0.goals_per_game,
        t1_0.home_record,
        t1_0.points_per_game,
        t1_0.record 
    from
        team_data t1_0 
    where
        t1_0.name=?
Hibernate: 
    select
        n1_0.team,
        n1_0.id,
        n1_0.body,
        n1_0.date,
        n1_0.summary,
        n1_0.title 
    from
        news_data n1_0 
    where
        n1_0.team=?
Hibernate: 
    select
        t1_0.name,
        t1_0.away_record,
        t1_0.goals,
        t1_0.goals_per_game,
        t1_0.home_record,
        t1_0.points_per_game,
        t1_0.record 
    from
        team_data t1_0 
    where
        t1_0.name=?
Hibernate: 
    select
        n1_0.team,
        n1_0.id,
        n1_0.body,
        n1_0.date,
        n1_0.summary,
        n1_0.title 
    from
        news_data n1_0 
    where
        n1_0.team=?
Hibernate: 
    select
        t1_0.name,
        t1_0.away_record,
        t1_0.goals,
        t1_0.goals_per_game,
        t1_0.home_record,
        t1_0.points_per_game,
        t1_0.record 
    from
        team_data t1_0 
    where
        t1_0.name=?
Hibernate: 
    select
        n1_0.team,
        n1_0.id,
        n1_0.body,
        n1_0.date,
        n1_0.summary,
        n1_0.title 
    from
        news_data n1_0 
    where
        n1_0.team=?
Hibernate: 
    select
        t1_0.name,
        t1_0.away_record,
        t1_0.goals,
        t1_0.goals_per_game,
        t1_0.home_record,
        t1_0.points_per_game,
        t1_0.record 
    from
        team_data t1_0 
    where
        t1_0.name=?
Hibernate: 
    select
        n1_0.team,
        n1_0.id,
        n1_0.body,
        n1_0.date,
        n1_0.summary,
        n1_0.title 
    from
        news_data n1_0 
    where
        n1_0.team=?
Hibernate: 
    select
        t1_0.name,
        t1_0.away_record,
        t1_0.goals,
        t1_0.goals_per_game,
        t1_0.home_record,
        t1_0.points_per_game,
        t1_0.record 
    from
        team_data t1_0 
    where
        t1_0.name=?
Hibernate: 
    select
        n1_0.team,
        n1_0.id,
        n1_0.body,
        n1_0.date,
        n1_0.summary,
        n1_0.title 
    from
        news_data n1_0 
    where
        n1_0.team=?
Hibernate: 
    select
        t1_0.name,
        t1_0.away_record,
        t1_0.goals,
        t1_0.goals_per_game,
        t1_0.home_record,
        t1_0.points_per_game,
        t1_0.record 
    from
        team_data t1_0 
    where
        t1_0.name=?
Hibernate: 
    select
        n1_0.team,
        n1_0.id,
        n1_0.body,
        n1_0.date,
        n1_0.summary,
        n1_0.title 
    from
        news_data n1_0 
    where
        n1_0.team=?
Hibernate: 
    select
        t1_0.name,
        t1_0.away_record,
        t1_0.goals,
        t1_0.goals_per_game,
        t1_0.home_record,
        t1_0.points_per_game,
        t1_0.record 
    from
        team_data t1_0 
    where
        t1_0.name=?
Hibernate: 
    select
        n1_0.team,
        n1_0.id,
        n1_0.body,
        n1_0.date,
        n1_0.summary,
        n1_0.title 
    from
        news_data n1_0 
    where
        n1_0.team=?
Hibernate: 
    select
        t1_0.name,
        t1_0.away_record,
        t1_0.goals,
        t1_0.goals_per_game,
        t1_0.home_record,
        t1_0.points_per_game,
        t1_0.record 
    from
        team_data t1_0 
    where
        t1_0.name=?
Hibernate: 
    select
        n1_0.team,
        n1_0.id,
        n1_0.body,
        n1_0.date,
        n1_0.summary,
        n1_0.title 
    from
        news_data n1_0 
    where
        n1_0.team=?
Hibernate: 
    select
        t1_0.name,
        t1_0.away_record,
        t1_0.goals,
        t1_0.goals_per_game,
        t1_0.home_record,
        t1_0.points_per_game,
        t1_0.record 
    from
        team_data t1_0 
    where
        t1_0.name=?
Hibernate: 
    select
        n1_0.team,
        n1_0.id,
        n1_0.body,
        n1_0.date,
        n1_0.summary,
        n1_0.title 
    from
        news_data n1_0 
    where
        n1_0.team=?
Hibernate: 
    select
        t1_0.name,
        t1_0.away_record,
        t1_0.goals,
        t1_0.goals_per_game,
        t1_0.home_record,
        t1_0.points_per_game,
        t1_0.record 
    from
        team_data t1_0 
    where
        t1_0.name=?
Hibernate: 
    select
        n1_0.team,
        n1_0.id,
        n1_0.body,
        n1_0.date,
        n1_0.summary,
        n1_0.title 
    from
        news_data n1_0 
    where
        n1_0.team=?
Hibernate: 
    select
        t1_0.name,
        t1_0.away_record,
        t1_0.goals,
        t1_0.goals_per_game,
        t1_0.home_record,
        t1_0.points_per_game,
        t1_0.record 
    from
        team_data t1_0 
    where
        t1_0.name=?
Hibernate: 
    select
        n1_0.team,
        n1_0.id,
        n1_0.body,
        n1_0.date,
        n1_0.summary,
        n1_0.title 
    from
        news_data n1_0 
    where
        n1_0.team=?
Hibernate: 
    select
        t1_0.name,
        t1_0.away_record,
        t1_0.goals,
        t1_0.goals_per_game,
        t1_0.home_record,
        t1_0.points_per_game,
        t1_0.record 
    from
        team_data t1_0 
    where
        t1_0.name=?
Hibernate: 
    select
        n1_0.team,
        n1_0.id,
        n1_0.body,
        n1_0.date,
        n1_0.summary,
        n1_0.title 
    from
        news_data n1_0 
    where
        n1_0.team=?
Hibernate: 
    select
        t1_0.name,
        t1_0.away_record,
        t1_0.goals,
        t1_0.goals_per_game,
        t1_0.home_record,
        t1_0.points_per_game,
        t1_0.record 
    from
        team_data t1_0 
    where
        t1_0.name=?
Hibernate: 
    select
        n1_0.team,
        n1_0.id,
        n1_0.body,
        n1_0.date,
        n1_0.summary,
        n1_0.title 
    from
        news_data n1_0 
    where
        n1_0.team=?
Hibernate: 
    select
        t1_0.name,
        t1_0.away_record,
        t1_0.goals,
        t1_0.goals_per_game,
        t1_0.home_record,
        t1_0.points_per_game,
        t1_0.record 
    from
        team_data t1_0 
    where
        t1_0.name=?
Hibernate: 
    select
        n1_0.team,
        n1_0.id,
        n1_0.body,
        n1_0.date,
        n1_0.summary,
        n1_0.title 
    from
        news_data n1_0 
    where
        n1_0.team=?
Hibernate: 
    select
        t1_0.name,
        t1_0.away_record,
        t1_0.goals,
        t1_0.goals_per_game,
        t1_0.home_record,
        t1_0.points_per_game,
        t1_0.record 
    from
        team_data t1_0 
    where
        t1_0.name=?
Hibernate: 
    select
        n1_0.team,
        n1_0.id,
        n1_0.body,
        n1_0.date,
        n1_0.summary,
        n1_0.title 
    from
        news_data n1_0 
    where
        n1_0.team=?
Hibernate: 
    select
        t1_0.name,
        t1_0.away_record,
        t1_0.goals,
        t1_0.goals_per_game,
        t1_0.home_record,
        t1_0.points_per_game,
        t1_0.record 
    from
        team_data t1_0 
    where
        t1_0.name=?
Hibernate: 
    select
        n1_0.team,
        n1_0.id,
        n1_0.body,
        n1_0.date,
        n1_0.summary,
        n1_0.title 
    from
        news_data n1_0 
    where
        n1_0.team=?
Hibernate: 
    select
        t1_0.name,
        t1_0.away_record,
        t1_0.goals,
        t1_0.goals_per_game,
        t1_0.home_record,
        t1_0.points_per_game,
        t1_0.record 
    from
        team_data t1_0 
    where
        t1_0.name=?
Hibernate: 
    select
        n1_0.team,
        n1_0.id,
        n1_0.body,
        n1_0.date,
        n1_0.summary,
        n1_0.title 
    from
        news_data n1_0 
    where
        n1_0.team=?
Hibernate: 
    select
        t1_0.name,
        t1_0.away_record,
        t1_0.goals,
        t1_0.goals_per_game,
        t1_0.home_record,
        t1_0.points_per_game,
        t1_0.record 
    from
        team_data t1_0 
    where
        t1_0.name=?
Hibernate: 
    select
        n1_0.team,
        n1_0.id,
        n1_0.body,
        n1_0.date,
        n1_0.summary,
        n1_0.title 
    from
        news_data n1_0 
    where
        n1_0.team=?
Hibernate: 
    select
        t1_0.name,
        t1_0.away_record,
        t1_0.goals,
        t1_0.goals_per_game,
        t1_0.home_record,
        t1_0.points_per_game,
        t1_0.record 
    from
        team_data t1_0 
    where
        t1_0.name=?
Hibernate: 
    select
        n1_0.team,
        n1_0.id,
        n1_0.body,
        n1_0.date,
        n1_0.summary,
        n1_0.title 
    from
        news_data n1_0 
    where
        n1_0.team=?
Hibernate: 
    select
        t1_0.name,
        t1_0.away_record,
        t1_0.goals,
        t1_0.goals_per_game,
        t1_0.home_record,
        t1_0.points_per_game,
        t1_0.record 
    from
        team_data t1_0 
    where
        t1_0.name=?
Hibernate: 
    select
        n1_0.team,
        n1_0.id,
        n1_0.body,
        n1_0.date,
        n1_0.summary,
        n1_0.title 
    from
        news_data n1_0 
    where
        n1_0.team=?
2024-09-11T03:18:16.948-04:00  INFO 7539 --- [           main] com.ifooty.IFootyApplicationTests        : Started IFootyApplicationTests in 2.936 seconds (process running for 3.49)
]]></system-out>
    <system-err><![CDATA[WARNING: A Java agent has been loaded dynamically (/Users/muhammadhuzaifah/.m2/repository/net/bytebuddy/byte-buddy-agent/1.14.19/byte-buddy-agent-1.14.19.jar)
WARNING: If a serviceability tool is in use, please run with -XX:+EnableDynamicAgentLoading to hide this warning
WARNING: If a serviceability tool is not in use, please run with -Djdk.instrument.traceUsage for more information
WARNING: Dynamic loading of agents will be disallowed by default in a future release
]]></system-err>
  </testcase>
</testsuite>